Log file open, 10/15/21 22:52:38
LogWindows: Failed to load 'aqProf.dll' (GetLastError=126)
LogWindows: File 'aqProf.dll' does not exist
LogWindows: Failed to load 'VtuneApi.dll' (GetLastError=126)
LogWindows: File 'VtuneApi.dll' does not exist
LogWindows: Failed to load 'VtuneApi32e.dll' (GetLastError=126)
LogWindows: File 'VtuneApi32e.dll' does not exist
LogConsoleResponse: Display: Failed to find resolution value strings in scalability ini. Falling back to default.
LogConsoleResponse: Display: Failed to find resolution value strings in scalability ini. Falling back to default.
LogInit: Display: Running engine for game: CS498MP2Leveling_Up
LogPlatformFile: Not using cached read wrapper
LogTaskGraph: Started task graph with 5 named threads and 26 total threads with 3 sets of task threads.
LogStats: Stats thread started at 0.300735
LogICUInternationalization: ICU TimeZone Detection - Raw Offset: -6:00, Platform Override: ''
LogInit: Display: Loading text-based GConfig....
LogPluginManager: Mounting plugin MeshPainting
LogPluginManager: Mounting plugin XGEController
LogPluginManager: Mounting plugin Paper2D
LogPluginManager: Mounting plugin AISupport
LogPluginManager: Mounting plugin EnvironmentQueryEditor
LogPluginManager: Mounting plugin LightPropagationVolume
LogPluginManager: Mounting plugin CameraShakePreviewer
LogPluginManager: Mounting plugin GameplayCameras
LogPluginManager: Mounting plugin LiveLink
LogPluginManager: Mounting plugin OodleData
LogPluginManager: Mounting plugin OodleNetwork
LogPluginManager: Mounting plugin CodeLiteSourceCodeAccess
LogPluginManager: Mounting plugin CLionSourceCodeAccess
LogPluginManager: Mounting plugin AnimationSharing
LogPluginManager: Mounting plugin KDevelopSourceCodeAccess
LogPluginManager: Mounting plugin PerforceSourceControl
LogPluginManager: Mounting plugin PixWinPlugin
LogPluginManager: Mounting plugin PlasticSourceControl
LogPluginManager: Mounting plugin PluginUtils
LogPluginManager: Mounting plugin PropertyAccessNode
LogPluginManager: Mounting plugin NullSourceCodeAccess
LogPluginManager: Mounting plugin RiderSourceCodeAccess
LogPluginManager: Mounting plugin SubversionSourceControl
LogPluginManager: Mounting plugin TextureFormatOodle
LogPluginManager: Mounting plugin UObjectPlugin
LogPluginManager: Mounting plugin GitSourceControl
LogPluginManager: Mounting plugin VisualStudioSourceCodeAccess
LogPluginManager: Mounting plugin XCodeSourceCodeAccess
LogPluginManager: Mounting plugin VisualStudioCodeSourceCodeAccess
LogPluginManager: Mounting plugin DatasmithContent
LogPluginManager: Mounting plugin AlembicImporter
LogPluginManager: Mounting plugin VariantManagerContent
LogPluginManager: Mounting plugin AutomationUtils
LogPluginManager: Mounting plugin BackChannel
LogPluginManager: Mounting plugin ChaosCloth
LogPluginManager: Mounting plugin ChaosClothEditor
LogPluginManager: Mounting plugin ChaosEditor
LogPluginManager: Mounting plugin ChaosNiagara
LogPluginManager: Mounting plugin ChaosSolverPlugin
LogPluginManager: Mounting plugin CharacterAI
LogPluginManager: Mounting plugin GeometryCache
LogPluginManager: Mounting plugin GeometryCollectionPlugin
LogPluginManager: Mounting plugin Niagara
LogPluginManager: Mounting plugin GeometryProcessing
LogPluginManager: Mounting plugin MotoSynth
LogPluginManager: Mounting plugin OpenImageDenoise
LogPluginManager: Mounting plugin PlatformCrypto
LogPluginManager: Mounting plugin PlanarCut
LogPluginManager: Mounting plugin ProxyLODPlugin
LogPluginManager: Mounting plugin PythonScriptPlugin
LogPluginManager: Mounting plugin SkeletalReduction
LogPluginManager: Mounting plugin AssetManagerEditor
LogPluginManager: Mounting plugin CryptoKeys
LogPluginManager: Mounting plugin CurveEditorTools
LogPluginManager: Mounting plugin DataValidation
LogPluginManager: Mounting plugin FacialAnimation
LogPluginManager: Mounting plugin GameplayTagsEditor
LogPluginManager: Mounting plugin GeometryMode
LogPluginManager: Mounting plugin MacGraphicsSwitching
LogPluginManager: Mounting plugin MaterialAnalyzer
LogPluginManager: Mounting plugin MobileLauncherProfileWizard
LogPluginManager: Mounting plugin PluginBrowser
LogPluginManager: Mounting plugin SpeedTreeImporter
LogPluginManager: Mounting plugin AndroidMedia
LogPluginManager: Mounting plugin AvfMedia
LogPluginManager: Mounting plugin MediaCompositing
LogPluginManager: Mounting plugin ImgMedia
LogPluginManager: Mounting plugin MediaPlayerEditor
LogPluginManager: Mounting plugin WebMMedia
LogPluginManager: Mounting plugin LuminPlatformFeatures
LogPluginManager: Mounting plugin WmfMedia
LogPluginManager: Mounting plugin MagicLeap
LogPluginManager: Mounting plugin MagicLeapLightEstimation
LogPluginManager: Mounting plugin MagicLeapMedia
LogPluginManager: Mounting plugin MagicLeapPassableWorld
LogPluginManager: Mounting plugin MLSDK
LogPluginManager: Mounting plugin ActorSequence
LogPluginManager: Mounting plugin LevelSequenceEditor
LogPluginManager: Mounting plugin MatineeToLevelSequence
LogPluginManager: Mounting plugin TemplateSequence
LogPluginManager: Mounting plugin UdpMessaging
LogPluginManager: Mounting plugin TcpMessaging
LogPluginManager: Mounting plugin OnlineSubsystemNull
LogPluginManager: Mounting plugin OnlineSubsystem
LogPluginManager: Mounting plugin OnlineSubsystemUtils
LogPluginManager: Mounting plugin LauncherChunkInstaller
LogPluginManager: Mounting plugin ActorLayerUtilities
LogPluginManager: Mounting plugin AndroidDeviceProfileSelector
LogPluginManager: Mounting plugin AndroidMoviePlayer
LogPluginManager: Mounting plugin ScreenshotTools
LogPluginManager: Mounting plugin AndroidPermission
LogPluginManager: Mounting plugin AppleImageUtils
LogPluginManager: Mounting plugin AppleMoviePlayer
LogPluginManager: Mounting plugin ArchVisCharacter
LogPluginManager: Mounting plugin AssetTags
LogPluginManager: Mounting plugin AudioCapture
LogPluginManager: Mounting plugin CableComponent
LogPluginManager: Mounting plugin AudioSynesthesia
LogPluginManager: Mounting plugin CustomMeshComponent
LogPluginManager: Mounting plugin ChunkDownloader
LogPluginManager: Mounting plugin EditableMesh
LogPluginManager: Mounting plugin ExampleDeviceProfileSelector
LogPluginManager: Mounting plugin GoogleCloudMessaging
LogPluginManager: Mounting plugin GooglePAD
LogPluginManager: Mounting plugin Takes
LogPluginManager: Mounting plugin IOSDeviceProfileSelector
LogPluginManager: Mounting plugin LinuxDeviceProfileSelector
LogPluginManager: Mounting plugin LocationServicesBPLibrary
LogPluginManager: Mounting plugin MobilePatchingUtils
LogPluginManager: Mounting plugin OpenXR
LogPluginManager: Mounting plugin OpenXRHandTracking
LogPluginManager: Mounting plugin OpenXREyeTracker
LogPluginManager: Mounting plugin PostSplashScreen
LogPluginManager: Mounting plugin PhysXVehicles
LogPluginManager: Mounting plugin ProceduralMeshComponent
LogPluginManager: Mounting plugin PropertyAccessEditor
LogPluginManager: Mounting plugin RuntimePhysXCooking
LogPluginManager: Mounting plugin SignificanceManager
LogPluginManager: Mounting plugin SoundFields
LogPluginManager: Mounting plugin Synthesis
LogPluginManager: Mounting plugin WebMMoviePlayer
LogPluginManager: Mounting plugin WindowsMoviePlayer
LogPluginManager: Mounting plugin ContentBrowserAssetDataSource
LogPluginManager: Mounting plugin ContentBrowserFileDataSource
LogPluginManager: Mounting plugin ContentBrowserClassDataSource
LogPluginManager: Mounting plugin OnlineSubsystemGooglePlay
LogPluginManager: Mounting plugin OnlineSubsystemIOS
LogPluginManager: Mounting plugin OculusVR
LogPluginManager: Mounting plugin SteamVR
LogPluginManager: Mounting plugin XRVisualization
PixWinPlugin: PIX capture plugin failed to initialize! Check that the process is launched from PIX.
LogInit: Using libcurl 7.55.1-DEV
LogInit:  - built for x86_64-pc-win32
LogInit:  - supports SSL with OpenSSL/1.1.1
LogInit:  - supports HTTP deflate (compression) using libz 1.2.8
LogInit:  - other features:
LogInit:      CURL_VERSION_SSL
LogInit:      CURL_VERSION_LIBZ
LogInit:      CURL_VERSION_IPV6
LogInit:      CURL_VERSION_ASYNCHDNS
LogInit:      CURL_VERSION_LARGEFILE
LogInit:      CURL_VERSION_IDN
LogInit:  CurlRequestOptions (configurable via config and command line):
LogInit:  - bVerifyPeer = true  - Libcurl will verify peer certificate
LogInit:  - bUseHttpProxy = false  - Libcurl will NOT use HTTP proxy
LogInit:  - bDontReuseConnections = false  - Libcurl will reuse connections
LogInit:  - MaxHostConnections = 16  - Libcurl will limit the number of connections to a host
LogInit:  - LocalHostAddr = Default
LogInit:  - BufferSize = 65536
LogOnline: OSS: Creating online subsystem instance for: NULL
LogInit: WinSock: version 1.1 (2.2), MaxSocks=32767, MaxUdp=65467
LogOnline: OSS: TryLoadSubsystemAndSetDefault: Loaded subsystem for module [NULL]
LogOculusPluginWrapper: OculusPlugin initialized successfully
LogHMD: Failed initializing OVRPlugin 1.59.0
LogInit: Build: ++UE4+Release-4.27-CL-17735300
LogInit: Engine Version: 4.27.1-17735300+++UE4+Release-4.27
LogInit: Compatible Engine Version: 4.27.0-17155196+++UE4+Release-4.27
LogInit: Net CL: 17155196
LogInit: OS: Windows 10 (Release 2009) (), CPU: Intel(R) Core(TM) i7-9700K CPU @ 3.60GHz, GPU: NVIDIA GeForce RTX 2080
LogInit: Compiled (64-bit): Oct  6 2021 14:42:51
LogInit: Compiled with Visual C++: 19.24.28315.00
LogInit: Build Configuration: Development
LogInit: Branch Name: ++UE4+Release-4.27
LogInit: Command Line: 
LogInit: Base Directory: E:/Program Files/Epic Games/UE_4.27/Engine/Binaries/Win64/
LogInit: Allocator: TBB
LogInit: Installed Engine Build: 1
LogDevObjectVersion: Number of dev versions registered: 29
LogDevObjectVersion:   Dev-Blueprints (B0D832E4-1F89-4F0D-ACCF-7EB736FD4AA2): 10
LogDevObjectVersion:   Dev-Build (E1C64328-A22C-4D53-A36C-8E866417BD8C): 0
LogDevObjectVersion:   Dev-Core (375EC13C-06E4-48FB-B500-84F0262A717E): 4
LogDevObjectVersion:   Dev-Editor (E4B068ED-F494-42E9-A231-DA0B2E46BB41): 40
LogDevObjectVersion:   Dev-Framework (CFFC743F-43B0-4480-9391-14DF171D2073): 37
LogDevObjectVersion:   Dev-Mobile (B02B49B5-BB20-44E9-A304-32B752E40360): 3
LogDevObjectVersion:   Dev-Networking (A4E4105C-59A1-49B5-A7C5-40C4547EDFEE): 0
LogDevObjectVersion:   Dev-Online (39C831C9-5AE6-47DC-9A44-9C173E1C8E7C): 0
LogDevObjectVersion:   Dev-Physics (78F01B33-EBEA-4F98-B9B4-84EACCB95AA2): 14
LogDevObjectVersion:   Dev-Platform (6631380F-2D4D-43E0-8009-CF276956A95A): 0
LogDevObjectVersion:   Dev-Rendering (12F88B9F-8875-4AFC-A67C-D90C383ABD29): 45
LogDevObjectVersion:   Dev-Sequencer (7B5AE74C-D270-4C10-A958-57980B212A5A): 13
LogDevObjectVersion:   Dev-VR (D7296918-1DD6-4BDD-9DE2-64A83CC13884): 3
LogDevObjectVersion:   Dev-LoadTimes (C2A15278-BFE7-4AFE-6C17-90FF531DF755): 1
LogDevObjectVersion:   Private-Geometry (6EACA3D4-40EC-4CC1-B786-8BED09428FC5): 3
LogDevObjectVersion:   Dev-AnimPhys (29E575DD-E0A3-4627-9D10-D276232CDCEA): 17
LogDevObjectVersion:   Dev-Anim (AF43A65D-7FD3-4947-9873-3E8ED9C1BB05): 15
LogDevObjectVersion:   Dev-ReflectionCapture (6B266CEC-1EC7-4B8F-A30B-E4D90942FC07): 1
LogDevObjectVersion:   Dev-Automation (0DF73D61-A23F-47EA-B727-89E90C41499A): 1
LogDevObjectVersion:   FortniteMain (601D1886-AC64-4F84-AA16-D3DE0DEAC7D6): 47
LogDevObjectVersion:   FortniteRelease (E7086368-6B23-4C58-8439-1B7016265E91): 1
LogDevObjectVersion:   Dev-Enterprise (9DFFBCD6-494F-0158-E221-12823C92A888): 10
LogDevObjectVersion:   Dev-Niagara (F2AED0AC-9AFE-416F-8664-AA7FFA26D6FC): 1
LogDevObjectVersion:   Dev-Destruction (174F1F0B-B4C6-45A5-B13F-2EE8D0FB917D): 10
LogDevObjectVersion:   Dev-Physics-Ext (35F94A83-E258-406C-A318-09F59610247C): 41
LogDevObjectVersion:   Dev-PhysicsMaterial-Chaos (B68FC16E-8B1B-42E2-B453-215C058844FE): 1
LogDevObjectVersion:   Dev-CineCamera (B2E18506-4273-CFC2-A54E-F4BB758BBA07): 1
LogDevObjectVersion:   Dev-VirtualProduction (64F58936-FD1B-42BA-BA96-7289D5D0FA4E): 1
LogDevObjectVersion:   Dev-MediaFramework (6F0ED827-A609-4895-9C91-998D90180EA4): 2
LogInit: Presizing for max 25165824 objects, including 0 objects not considered by GC, pre-allocating 0 bytes for permanent pool.
LogConfig: Applying CVar settings from Section [/Script/Engine.StreamingSettings] File [C:/Users/eric1/Unreal Projects/cs498gd-fa21-mp2/CS498MP2Leveling_Up/Saved/Config/Windows/Engine.ini]
LogConfig: Setting CVar [[s.MinBulkDataSizeForAsyncLoading:131072]]
LogConfig: Setting CVar [[s.AsyncLoadingThreadEnabled:0]]
LogConfig: Setting CVar [[s.EventDrivenLoaderEnabled:1]]
LogConfig: Setting CVar [[s.WarnIfTimeLimitExceeded:0]]
LogConfig: Setting CVar [[s.TimeLimitExceededMultiplier:1.5]]
LogConfig: Setting CVar [[s.TimeLimitExceededMinTime:0.005]]
LogConfig: Setting CVar [[s.UseBackgroundLevelStreaming:1]]
LogConfig: Setting CVar [[s.PriorityAsyncLoadingExtraTime:15.0]]
LogConfig: Setting CVar [[s.LevelStreamingActorsUpdateTimeLimit:5.0]]
LogConfig: Setting CVar [[s.PriorityLevelStreamingActorsUpdateExtraTime:5.0]]
LogConfig: Setting CVar [[s.LevelStreamingComponentsRegistrationGranularity:10]]
LogConfig: Setting CVar [[s.UnregisterComponentsTimeLimit:1.0]]
LogConfig: Setting CVar [[s.LevelStreamingComponentsUnregistrationGranularity:5]]
LogConfig: Setting CVar [[s.FlushStreamingOnExit:1]]
LogInit: Object subsystem initialized
LogConfig: Setting CVar [[con.DebugEarlyDefault:1]]
LogConfig: Setting CVar [[r.setres:1280x720]]
[2021.10.16-03.52.39:026][  0]LogConfig: Setting CVar [[r.VSync:0]]
[2021.10.16-03.52.39:026][  0]LogConfig: Setting CVar [[r.RHICmdBypass:0]]
[2021.10.16-03.52.39:026][  0]LogConfig: Applying CVar settings from Section [/Script/Engine.RendererSettings] File [C:/Users/eric1/Unreal Projects/cs498gd-fa21-mp2/CS498MP2Leveling_Up/Saved/Config/Windows/Engine.ini]
[2021.10.16-03.52.39:026][  0]LogConfig: Setting CVar [[r.GPUCrashDebugging:0]]
[2021.10.16-03.52.39:026][  0]LogConfig: Applying CVar settings from Section [/Script/Engine.RendererOverrideSettings] File [C:/Users/eric1/Unreal Projects/cs498gd-fa21-mp2/CS498MP2Leveling_Up/Saved/Config/Windows/Engine.ini]
[2021.10.16-03.52.39:026][  0]LogConfig: Applying CVar settings from Section [/Script/Engine.StreamingSettings] File [C:/Users/eric1/Unreal Projects/cs498gd-fa21-mp2/CS498MP2Leveling_Up/Saved/Config/Windows/Engine.ini]
[2021.10.16-03.52.39:026][  0]LogConfig: Setting CVar [[s.MinBulkDataSizeForAsyncLoading:131072]]
[2021.10.16-03.52.39:026][  0]LogConfig: Setting CVar [[s.AsyncLoadingThreadEnabled:0]]
[2021.10.16-03.52.39:026][  0]LogConfig: Setting CVar [[s.EventDrivenLoaderEnabled:1]]
[2021.10.16-03.52.39:026][  0]LogConfig: Setting CVar [[s.WarnIfTimeLimitExceeded:0]]
[2021.10.16-03.52.39:026][  0]LogConfig: Setting CVar [[s.TimeLimitExceededMultiplier:1.5]]
[2021.10.16-03.52.39:026][  0]LogConfig: Setting CVar [[s.TimeLimitExceededMinTime:0.005]]
[2021.10.16-03.52.39:026][  0]LogConfig: Setting CVar [[s.UseBackgroundLevelStreaming:1]]
[2021.10.16-03.52.39:026][  0]LogConfig: Setting CVar [[s.PriorityAsyncLoadingExtraTime:15.0]]
[2021.10.16-03.52.39:026][  0]LogConfig: Setting CVar [[s.LevelStreamingActorsUpdateTimeLimit:5.0]]
[2021.10.16-03.52.39:026][  0]LogConfig: Setting CVar [[s.PriorityLevelStreamingActorsUpdateExtraTime:5.0]]
[2021.10.16-03.52.39:026][  0]LogConfig: Setting CVar [[s.LevelStreamingComponentsRegistrationGranularity:10]]
[2021.10.16-03.52.39:026][  0]LogConfig: Setting CVar [[s.UnregisterComponentsTimeLimit:1.0]]
[2021.10.16-03.52.39:026][  0]LogConfig: Setting CVar [[s.LevelStreamingComponentsUnregistrationGranularity:5]]
[2021.10.16-03.52.39:026][  0]LogConfig: Setting CVar [[s.FlushStreamingOnExit:1]]
[2021.10.16-03.52.39:026][  0]LogConfig: Applying CVar settings from Section [/Script/Engine.GarbageCollectionSettings] File [C:/Users/eric1/Unreal Projects/cs498gd-fa21-mp2/CS498MP2Leveling_Up/Saved/Config/Windows/Engine.ini]
[2021.10.16-03.52.39:026][  0]LogConfig: Setting CVar [[gc.MaxObjectsNotConsideredByGC:1]]
[2021.10.16-03.52.39:026][  0]LogConfig: Setting CVar [[gc.SizeOfPermanentObjectPool:0]]
[2021.10.16-03.52.39:026][  0]LogConfig: Setting CVar [[gc.FlushStreamingOnGC:0]]
[2021.10.16-03.52.39:026][  0]LogConfig: Setting CVar [[gc.NumRetriesBeforeForcingGC:10]]
[2021.10.16-03.52.39:026][  0]LogConfig: Setting CVar [[gc.AllowParallelGC:1]]
[2021.10.16-03.52.39:026][  0]LogConfig: Setting CVar [[gc.TimeBetweenPurgingPendingKillObjects:61.1]]
[2021.10.16-03.52.39:026][  0]LogConfig: Setting CVar [[gc.MaxObjectsInEditor:25165824]]
[2021.10.16-03.52.39:026][  0]LogConfig: Setting CVar [[gc.IncrementalBeginDestroyEnabled:1]]
[2021.10.16-03.52.39:026][  0]LogConfig: Setting CVar [[gc.CreateGCClusters:1]]
[2021.10.16-03.52.39:026][  0]LogConfig: Setting CVar [[gc.MinGCClusterSize:5]]
[2021.10.16-03.52.39:026][  0]LogConfig: Setting CVar [[gc.ActorClusteringEnabled:0]]
[2021.10.16-03.52.39:026][  0]LogConfig: Setting CVar [[gc.BlueprintClusteringEnabled:0]]
[2021.10.16-03.52.39:026][  0]LogConfig: Setting CVar [[gc.UseDisregardForGCOnDedicatedServers:0]]
[2021.10.16-03.52.39:026][  0]LogConfig: Setting CVar [[gc.MultithreadedDestructionEnabled:1]]
[2021.10.16-03.52.39:026][  0]LogConfig: Applying CVar settings from Section [/Script/Engine.NetworkSettings] File [C:/Users/eric1/Unreal Projects/cs498gd-fa21-mp2/CS498MP2Leveling_Up/Saved/Config/Windows/Engine.ini]
[2021.10.16-03.52.39:026][  0]LogConfig: Applying CVar settings from Section [/Script/UnrealEd.CookerSettings] File [C:/Users/eric1/Unreal Projects/cs498gd-fa21-mp2/CS498MP2Leveling_Up/Saved/Config/Windows/Engine.ini]
[2021.10.16-03.52.39:049][  0]LogConfig: Applying CVar settings from Section [ViewDistanceQuality@3] File [C:/Users/eric1/Unreal Projects/cs498gd-fa21-mp2/CS498MP2Leveling_Up/Saved/Config/Windows/Scalability.ini]
[2021.10.16-03.52.39:049][  0]LogConfig: Setting CVar [[r.SkeletalMeshLODBias:0]]
[2021.10.16-03.52.39:049][  0]LogConfig: Setting CVar [[r.ViewDistanceScale:1.0]]
[2021.10.16-03.52.39:049][  0]LogConfig: Applying CVar settings from Section [AntiAliasingQuality@3] File [C:/Users/eric1/Unreal Projects/cs498gd-fa21-mp2/CS498MP2Leveling_Up/Saved/Config/Windows/Scalability.ini]
[2021.10.16-03.52.39:049][  0]LogConfig: Setting CVar [[r.PostProcessAAQuality:4]]
[2021.10.16-03.52.39:049][  0]LogConfig: Applying CVar settings from Section [ShadowQuality@3] File [C:/Users/eric1/Unreal Projects/cs498gd-fa21-mp2/CS498MP2Leveling_Up/Saved/Config/Windows/Scalability.ini]
[2021.10.16-03.52.39:049][  0]LogConfig: Setting CVar [[r.LightFunctionQuality:1]]
[2021.10.16-03.52.39:049][  0]LogConfig: Setting CVar [[r.ShadowQuality:5]]
[2021.10.16-03.52.39:049][  0]LogConfig: Setting CVar [[r.Shadow.CSM.MaxCascades:10]]
[2021.10.16-03.52.39:049][  0]LogConfig: Setting CVar [[r.Shadow.MaxResolution:2048]]
[2021.10.16-03.52.39:049][  0]LogConfig: Setting CVar [[r.Shadow.MaxCSMResolution:2048]]
[2021.10.16-03.52.39:049][  0]LogConfig: Setting CVar [[r.Shadow.RadiusThreshold:0.01]]
[2021.10.16-03.52.39:049][  0]LogConfig: Setting CVar [[r.Shadow.DistanceScale:1.0]]
[2021.10.16-03.52.39:049][  0]LogConfig: Setting CVar [[r.Shadow.CSM.TransitionScale:1.0]]
[2021.10.16-03.52.39:049][  0]LogConfig: Setting CVar [[r.Shadow.PreShadowResolutionFactor:1.0]]
[2021.10.16-03.52.39:049][  0]LogConfig: Setting CVar [[r.DistanceFieldShadowing:1]]
[2021.10.16-03.52.39:049][  0]LogConfig: Setting CVar [[r.DistanceFieldAO:1]]
[2021.10.16-03.52.39:049][  0]LogConfig: Setting CVar [[r.AOQuality:2]]
[2021.10.16-03.52.39:049][  0]LogConfig: Setting CVar [[r.VolumetricFog:1]]
[2021.10.16-03.52.39:049][  0]LogConfig: Setting CVar [[r.VolumetricFog.GridPixelSize:8]]
[2021.10.16-03.52.39:049][  0]LogConfig: Setting CVar [[r.VolumetricFog.GridSizeZ:128]]
[2021.10.16-03.52.39:049][  0]LogConfig: Setting CVar [[r.VolumetricFog.HistoryMissSupersampleCount:4]]
[2021.10.16-03.52.39:049][  0]LogConfig: Setting CVar [[r.LightMaxDrawDistanceScale:1]]
[2021.10.16-03.52.39:049][  0]LogConfig: Setting CVar [[r.CapsuleShadows:1]]
[2021.10.16-03.52.39:050][  0]LogConfig: Applying CVar settings from Section [PostProcessQuality@3] File [C:/Users/eric1/Unreal Projects/cs498gd-fa21-mp2/CS498MP2Leveling_Up/Saved/Config/Windows/Scalability.ini]
[2021.10.16-03.52.39:050][  0]LogConfig: Setting CVar [[r.MotionBlurQuality:4]]
[2021.10.16-03.52.39:050][  0]LogConfig: Setting CVar [[r.AmbientOcclusionMipLevelFactor:0.4]]
[2021.10.16-03.52.39:050][  0]LogConfig: Setting CVar [[r.AmbientOcclusionMaxQuality:100]]
[2021.10.16-03.52.39:050][  0]LogConfig: Setting CVar [[r.AmbientOcclusionLevels:-1]]
[2021.10.16-03.52.39:050][  0]LogConfig: Setting CVar [[r.AmbientOcclusionRadiusScale:1.0]]
[2021.10.16-03.52.39:050][  0]LogConfig: Setting CVar [[r.DepthOfFieldQuality:2]]
[2021.10.16-03.52.39:050][  0]LogConfig: Setting CVar [[r.RenderTargetPoolMin:400]]
[2021.10.16-03.52.39:050][  0]LogConfig: Setting CVar [[r.LensFlareQuality:2]]
[2021.10.16-03.52.39:050][  0]LogConfig: Setting CVar [[r.SceneColorFringeQuality:1]]
[2021.10.16-03.52.39:050][  0]LogConfig: Setting CVar [[r.EyeAdaptationQuality:2]]
[2021.10.16-03.52.39:050][  0]LogConfig: Setting CVar [[r.BloomQuality:5]]
[2021.10.16-03.52.39:050][  0]LogConfig: Setting CVar [[r.FastBlurThreshold:100]]
[2021.10.16-03.52.39:050][  0]LogConfig: Setting CVar [[r.Upscale.Quality:3]]
[2021.10.16-03.52.39:050][  0]LogConfig: Setting CVar [[r.Tonemapper.GrainQuantization:1]]
[2021.10.16-03.52.39:050][  0]LogConfig: Setting CVar [[r.LightShaftQuality:1]]
[2021.10.16-03.52.39:050][  0]LogConfig: Setting CVar [[r.Filter.SizeScale:1]]
[2021.10.16-03.52.39:050][  0]LogConfig: Setting CVar [[r.Tonemapper.Quality:5]]
[2021.10.16-03.52.39:050][  0]LogConfig: Setting CVar [[r.DOF.Gather.AccumulatorQuality:1        ; higher gathering accumulator quality]]
[2021.10.16-03.52.39:050][  0]LogConfig: Setting CVar [[r.DOF.Gather.PostfilterMethod:1          ; Median3x3 postfilering method]]
[2021.10.16-03.52.39:050][  0]LogConfig: Setting CVar [[r.DOF.Gather.EnableBokehSettings:0       ; no bokeh simulation when gathering]]
[2021.10.16-03.52.39:050][  0]LogConfig: Setting CVar [[r.DOF.Gather.RingCount:4                 ; medium number of samples when gathering]]
[2021.10.16-03.52.39:050][  0]LogConfig: Setting CVar [[r.DOF.Scatter.ForegroundCompositing:1    ; additive foreground scattering]]
[2021.10.16-03.52.39:050][  0]LogConfig: Setting CVar [[r.DOF.Scatter.BackgroundCompositing:2    ; additive background scattering]]
[2021.10.16-03.52.39:050][  0]LogConfig: Setting CVar [[r.DOF.Scatter.EnableBokehSettings:1      ; bokeh simulation when scattering]]
[2021.10.16-03.52.39:050][  0]LogConfig: Setting CVar [[r.DOF.Scatter.MaxSpriteRatio:0.1         ; only a maximum of 10% of scattered bokeh]]
[2021.10.16-03.52.39:050][  0]LogConfig: Setting CVar [[r.DOF.Recombine.Quality:1                ; cheap slight out of focus]]
[2021.10.16-03.52.39:050][  0]LogConfig: Setting CVar [[r.DOF.Recombine.EnableBokehSettings:0    ; no bokeh simulation on slight out of focus]]
[2021.10.16-03.52.39:050][  0]LogConfig: Setting CVar [[r.DOF.TemporalAAQuality:1                ; more stable temporal accumulation]]
[2021.10.16-03.52.39:050][  0]LogConfig: Setting CVar [[r.DOF.Kernel.MaxForegroundRadius:0.025]]
[2021.10.16-03.52.39:050][  0]LogConfig: Setting CVar [[r.DOF.Kernel.MaxBackgroundRadius:0.025]]
[2021.10.16-03.52.39:050][  0]LogConfig: Applying CVar settings from Section [TextureQuality@3] File [C:/Users/eric1/Unreal Projects/cs498gd-fa21-mp2/CS498MP2Leveling_Up/Saved/Config/Windows/Scalability.ini]
[2021.10.16-03.52.39:050][  0]LogConfig: Setting CVar [[r.Streaming.MipBias:0]]
[2021.10.16-03.52.39:050][  0]LogConfig: Setting CVar [[r.Streaming.AmortizeCPUToGPUCopy:0]]
[2021.10.16-03.52.39:050][  0]LogConfig: Setting CVar [[r.Streaming.MaxNumTexturesToStreamPerFrame:0]]
[2021.10.16-03.52.39:050][  0]LogConfig: Setting CVar [[r.Streaming.Boost:1]]
[2021.10.16-03.52.39:050][  0]LogConfig: Setting CVar [[r.MaxAnisotropy:8]]
[2021.10.16-03.52.39:050][  0]LogConfig: Setting CVar [[r.VT.MaxAnisotropy:8]]
[2021.10.16-03.52.39:050][  0]LogConfig: Setting CVar [[r.Streaming.LimitPoolSizeToVRAM:0]]
[2021.10.16-03.52.39:050][  0]LogConfig: Setting CVar [[r.Streaming.PoolSize:1000]]
[2021.10.16-03.52.39:050][  0]LogConfig: Setting CVar [[r.Streaming.MaxEffectiveScreenSize:0]]
[2021.10.16-03.52.39:050][  0]LogConfig: Applying CVar settings from Section [EffectsQuality@3] File [C:/Users/eric1/Unreal Projects/cs498gd-fa21-mp2/CS498MP2Leveling_Up/Saved/Config/Windows/Scalability.ini]
[2021.10.16-03.52.39:050][  0]LogConfig: Setting CVar [[r.TranslucencyLightingVolumeDim:64]]
[2021.10.16-03.52.39:050][  0]LogConfig: Setting CVar [[r.RefractionQuality:2]]
[2021.10.16-03.52.39:050][  0]LogConfig: Setting CVar [[r.SSR.Quality:3]]
[2021.10.16-03.52.39:050][  0]LogConfig: Setting CVar [[r.SSR.HalfResSceneColor:0]]
[2021.10.16-03.52.39:050][  0]LogConfig: Setting CVar [[r.SceneColorFormat:4]]
[2021.10.16-03.52.39:050][  0]LogConfig: Setting CVar [[r.DetailMode:2]]
[2021.10.16-03.52.39:050][  0]LogConfig: Setting CVar [[r.TranslucencyVolumeBlur:1]]
[2021.10.16-03.52.39:050][  0]LogConfig: Setting CVar [[r.MaterialQualityLevel:1 ; High quality]]
[2021.10.16-03.52.39:050][  0]LogConfig: Setting CVar [[r.AnisotropicMaterials:1]]
[2021.10.16-03.52.39:050][  0]LogConfig: Setting CVar [[r.SSS.Scale:1]]
[2021.10.16-03.52.39:050][  0]LogConfig: Setting CVar [[r.SSS.SampleSet:2]]
[2021.10.16-03.52.39:050][  0]LogConfig: Setting CVar [[r.SSS.Quality:1]]
[2021.10.16-03.52.39:050][  0]LogConfig: Setting CVar [[r.SSS.HalfRes:0]]
[2021.10.16-03.52.39:050][  0]LogConfig: Setting CVar [[r.SSGI.Quality:3]]
[2021.10.16-03.52.39:050][  0]LogConfig: Setting CVar [[r.EmitterSpawnRateScale:1.0]]
[2021.10.16-03.52.39:050][  0]LogConfig: Setting CVar [[r.ParticleLightQuality:2]]
[2021.10.16-03.52.39:050][  0]LogConfig: Setting CVar [[r.SkyAtmosphere.AerialPerspectiveLUT.FastApplyOnOpaque:1 ; Always have FastSkyLUT 1 in this case to avoid wrong sky]]
[2021.10.16-03.52.39:050][  0]LogConfig: Setting CVar [[r.SkyAtmosphere.AerialPerspectiveLUT.SampleCountMaxPerSlice:4]]
[2021.10.16-03.52.39:050][  0]LogConfig: Setting CVar [[r.SkyAtmosphere.AerialPerspectiveLUT.DepthResolution:16.0]]
[2021.10.16-03.52.39:050][  0]LogConfig: Setting CVar [[r.SkyAtmosphere.FastSkyLUT:1]]
[2021.10.16-03.52.39:050][  0]LogConfig: Setting CVar [[r.SkyAtmosphere.FastSkyLUT.SampleCountMin:4.0]]
[2021.10.16-03.52.39:050][  0]LogConfig: Setting CVar [[r.SkyAtmosphere.FastSkyLUT.SampleCountMax:128.0]]
[2021.10.16-03.52.39:050][  0]LogConfig: Setting CVar [[r.SkyAtmosphere.SampleCountMin:4.0]]
[2021.10.16-03.52.39:050][  0]LogConfig: Setting CVar [[r.SkyAtmosphere.SampleCountMax:128.0]]
[2021.10.16-03.52.39:050][  0]LogConfig: Setting CVar [[r.SkyAtmosphere.TransmittanceLUT.UseSmallFormat:0]]
[2021.10.16-03.52.39:050][  0]LogConfig: Setting CVar [[r.SkyAtmosphere.TransmittanceLUT.SampleCount:10.0]]
[2021.10.16-03.52.39:050][  0]LogConfig: Setting CVar [[r.SkyAtmosphere.MultiScatteringLUT.SampleCount:15.0]]
[2021.10.16-03.52.39:050][  0]LogConfig: Setting CVar [[r.SkyLight.RealTimeReflectionCapture:1]]
[2021.10.16-03.52.39:050][  0]LogConfig: Applying CVar settings from Section [FoliageQuality@3] File [C:/Users/eric1/Unreal Projects/cs498gd-fa21-mp2/CS498MP2Leveling_Up/Saved/Config/Windows/Scalability.ini]
[2021.10.16-03.52.39:050][  0]LogConfig: Setting CVar [[foliage.DensityScale:1.0]]
[2021.10.16-03.52.39:050][  0]LogConfig: Setting CVar [[grass.DensityScale:1.0]]
[2021.10.16-03.52.39:050][  0]LogConfig: Applying CVar settings from Section [ShadingQuality@3] File [C:/Users/eric1/Unreal Projects/cs498gd-fa21-mp2/CS498MP2Leveling_Up/Saved/Config/Windows/Scalability.ini]
[2021.10.16-03.52.39:050][  0]LogConfig: Setting CVar [[r.HairStrands.SkyLighting.IntegrationType:2]]
[2021.10.16-03.52.39:050][  0]LogConfig: Setting CVar [[r.HairStrands.SkyAO.SampleCount:4]]
[2021.10.16-03.52.39:050][  0]LogConfig: Setting CVar [[r.HairStrands.Visibility.MSAA.SamplePerPixel:4]]
[2021.10.16-03.52.39:050][  0]LogInit: Selected Device Profile: [Windows]
[2021.10.16-03.52.39:050][  0]LogInit: Applying CVar settings loaded from the selected device profile: [Windows]
[2021.10.16-03.52.39:050][  0]LogHAL: Display: Platform has ~ 32 GB [34173153280 / 34359738368 / 32], which maps to Largest [LargestMinGB=32, LargerMinGB=12, DefaultMinGB=8, SmallerMinGB=6, SmallestMinGB=0)
[2021.10.16-03.52.39:050][  0]LogInit: Going up to parent DeviceProfile []
[2021.10.16-03.52.39:051][  0]LogConfig: Applying CVar settings from Section [ViewDistanceQuality@3] File [C:/Users/eric1/Unreal Projects/cs498gd-fa21-mp2/CS498MP2Leveling_Up/Saved/Config/Windows/Scalability.ini]
[2021.10.16-03.52.39:051][  0]LogConfig: Setting CVar [[r.SkeletalMeshLODBias:0]]
[2021.10.16-03.52.39:051][  0]LogConfig: Setting CVar [[r.ViewDistanceScale:1.0]]
[2021.10.16-03.52.39:051][  0]LogConfig: Applying CVar settings from Section [AntiAliasingQuality@3] File [C:/Users/eric1/Unreal Projects/cs498gd-fa21-mp2/CS498MP2Leveling_Up/Saved/Config/Windows/Scalability.ini]
[2021.10.16-03.52.39:051][  0]LogConfig: Setting CVar [[r.PostProcessAAQuality:4]]
[2021.10.16-03.52.39:051][  0]LogConfig: Applying CVar settings from Section [ShadowQuality@3] File [C:/Users/eric1/Unreal Projects/cs498gd-fa21-mp2/CS498MP2Leveling_Up/Saved/Config/Windows/Scalability.ini]
[2021.10.16-03.52.39:051][  0]LogConfig: Setting CVar [[r.LightFunctionQuality:1]]
[2021.10.16-03.52.39:051][  0]LogConfig: Setting CVar [[r.ShadowQuality:5]]
[2021.10.16-03.52.39:051][  0]LogConfig: Setting CVar [[r.Shadow.CSM.MaxCascades:10]]
[2021.10.16-03.52.39:051][  0]LogConfig: Setting CVar [[r.Shadow.MaxResolution:2048]]
[2021.10.16-03.52.39:051][  0]LogConfig: Setting CVar [[r.Shadow.MaxCSMResolution:2048]]
[2021.10.16-03.52.39:051][  0]LogConfig: Setting CVar [[r.Shadow.RadiusThreshold:0.01]]
[2021.10.16-03.52.39:051][  0]LogConfig: Setting CVar [[r.Shadow.DistanceScale:1.0]]
[2021.10.16-03.52.39:051][  0]LogConfig: Setting CVar [[r.Shadow.CSM.TransitionScale:1.0]]
[2021.10.16-03.52.39:051][  0]LogConfig: Setting CVar [[r.Shadow.PreShadowResolutionFactor:1.0]]
[2021.10.16-03.52.39:051][  0]LogConfig: Setting CVar [[r.DistanceFieldShadowing:1]]
[2021.10.16-03.52.39:051][  0]LogConfig: Setting CVar [[r.DistanceFieldAO:1]]
[2021.10.16-03.52.39:051][  0]LogConfig: Setting CVar [[r.AOQuality:2]]
[2021.10.16-03.52.39:051][  0]LogConfig: Setting CVar [[r.VolumetricFog:1]]
[2021.10.16-03.52.39:051][  0]LogConfig: Setting CVar [[r.VolumetricFog.GridPixelSize:8]]
[2021.10.16-03.52.39:051][  0]LogConfig: Setting CVar [[r.VolumetricFog.GridSizeZ:128]]
[2021.10.16-03.52.39:051][  0]LogConfig: Setting CVar [[r.VolumetricFog.HistoryMissSupersampleCount:4]]
[2021.10.16-03.52.39:051][  0]LogConfig: Setting CVar [[r.LightMaxDrawDistanceScale:1]]
[2021.10.16-03.52.39:051][  0]LogConfig: Setting CVar [[r.CapsuleShadows:1]]
[2021.10.16-03.52.39:051][  0]LogConfig: Applying CVar settings from Section [PostProcessQuality@3] File [C:/Users/eric1/Unreal Projects/cs498gd-fa21-mp2/CS498MP2Leveling_Up/Saved/Config/Windows/Scalability.ini]
[2021.10.16-03.52.39:051][  0]LogConfig: Setting CVar [[r.MotionBlurQuality:4]]
[2021.10.16-03.52.39:051][  0]LogConfig: Setting CVar [[r.AmbientOcclusionMipLevelFactor:0.4]]
[2021.10.16-03.52.39:051][  0]LogConfig: Setting CVar [[r.AmbientOcclusionMaxQuality:100]]
[2021.10.16-03.52.39:051][  0]LogConfig: Setting CVar [[r.AmbientOcclusionLevels:-1]]
[2021.10.16-03.52.39:051][  0]LogConfig: Setting CVar [[r.AmbientOcclusionRadiusScale:1.0]]
[2021.10.16-03.52.39:051][  0]LogConfig: Setting CVar [[r.DepthOfFieldQuality:2]]
[2021.10.16-03.52.39:051][  0]LogConfig: Setting CVar [[r.RenderTargetPoolMin:400]]
[2021.10.16-03.52.39:051][  0]LogConfig: Setting CVar [[r.LensFlareQuality:2]]
[2021.10.16-03.52.39:051][  0]LogConfig: Setting CVar [[r.SceneColorFringeQuality:1]]
[2021.10.16-03.52.39:051][  0]LogConfig: Setting CVar [[r.EyeAdaptationQuality:2]]
[2021.10.16-03.52.39:051][  0]LogConfig: Setting CVar [[r.BloomQuality:5]]
[2021.10.16-03.52.39:051][  0]LogConfig: Setting CVar [[r.FastBlurThreshold:100]]
[2021.10.16-03.52.39:051][  0]LogConfig: Setting CVar [[r.Upscale.Quality:3]]
[2021.10.16-03.52.39:051][  0]LogConfig: Setting CVar [[r.Tonemapper.GrainQuantization:1]]
[2021.10.16-03.52.39:051][  0]LogConfig: Setting CVar [[r.LightShaftQuality:1]]
[2021.10.16-03.52.39:051][  0]LogConfig: Setting CVar [[r.Filter.SizeScale:1]]
[2021.10.16-03.52.39:051][  0]LogConfig: Setting CVar [[r.Tonemapper.Quality:5]]
[2021.10.16-03.52.39:051][  0]LogConfig: Setting CVar [[r.DOF.Gather.AccumulatorQuality:1        ; higher gathering accumulator quality]]
[2021.10.16-03.52.39:051][  0]LogConfig: Setting CVar [[r.DOF.Gather.PostfilterMethod:1          ; Median3x3 postfilering method]]
[2021.10.16-03.52.39:051][  0]LogConfig: Setting CVar [[r.DOF.Gather.EnableBokehSettings:0       ; no bokeh simulation when gathering]]
[2021.10.16-03.52.39:051][  0]LogConfig: Setting CVar [[r.DOF.Gather.RingCount:4                 ; medium number of samples when gathering]]
[2021.10.16-03.52.39:051][  0]LogConfig: Setting CVar [[r.DOF.Scatter.ForegroundCompositing:1    ; additive foreground scattering]]
[2021.10.16-03.52.39:051][  0]LogConfig: Setting CVar [[r.DOF.Scatter.BackgroundCompositing:2    ; additive background scattering]]
[2021.10.16-03.52.39:051][  0]LogConfig: Setting CVar [[r.DOF.Scatter.EnableBokehSettings:1      ; bokeh simulation when scattering]]
[2021.10.16-03.52.39:051][  0]LogConfig: Setting CVar [[r.DOF.Scatter.MaxSpriteRatio:0.1         ; only a maximum of 10% of scattered bokeh]]
[2021.10.16-03.52.39:051][  0]LogConfig: Setting CVar [[r.DOF.Recombine.Quality:1                ; cheap slight out of focus]]
[2021.10.16-03.52.39:051][  0]LogConfig: Setting CVar [[r.DOF.Recombine.EnableBokehSettings:0    ; no bokeh simulation on slight out of focus]]
[2021.10.16-03.52.39:051][  0]LogConfig: Setting CVar [[r.DOF.TemporalAAQuality:1                ; more stable temporal accumulation]]
[2021.10.16-03.52.39:051][  0]LogConfig: Setting CVar [[r.DOF.Kernel.MaxForegroundRadius:0.025]]
[2021.10.16-03.52.39:051][  0]LogConfig: Setting CVar [[r.DOF.Kernel.MaxBackgroundRadius:0.025]]
[2021.10.16-03.52.39:051][  0]LogConfig: Applying CVar settings from Section [TextureQuality@3] File [C:/Users/eric1/Unreal Projects/cs498gd-fa21-mp2/CS498MP2Leveling_Up/Saved/Config/Windows/Scalability.ini]
[2021.10.16-03.52.39:051][  0]LogConfig: Setting CVar [[r.Streaming.MipBias:0]]
[2021.10.16-03.52.39:051][  0]LogConfig: Setting CVar [[r.Streaming.AmortizeCPUToGPUCopy:0]]
[2021.10.16-03.52.39:051][  0]LogConfig: Setting CVar [[r.Streaming.MaxNumTexturesToStreamPerFrame:0]]
[2021.10.16-03.52.39:051][  0]LogConfig: Setting CVar [[r.Streaming.Boost:1]]
[2021.10.16-03.52.39:051][  0]LogConfig: Setting CVar [[r.MaxAnisotropy:8]]
[2021.10.16-03.52.39:051][  0]LogConfig: Setting CVar [[r.VT.MaxAnisotropy:8]]
[2021.10.16-03.52.39:051][  0]LogConfig: Setting CVar [[r.Streaming.LimitPoolSizeToVRAM:0]]
[2021.10.16-03.52.39:051][  0]LogConfig: Setting CVar [[r.Streaming.PoolSize:1000]]
[2021.10.16-03.52.39:051][  0]LogConfig: Setting CVar [[r.Streaming.MaxEffectiveScreenSize:0]]
[2021.10.16-03.52.39:051][  0]LogConfig: Applying CVar settings from Section [EffectsQuality@3] File [C:/Users/eric1/Unreal Projects/cs498gd-fa21-mp2/CS498MP2Leveling_Up/Saved/Config/Windows/Scalability.ini]
[2021.10.16-03.52.39:051][  0]LogConfig: Setting CVar [[r.TranslucencyLightingVolumeDim:64]]
[2021.10.16-03.52.39:051][  0]LogConfig: Setting CVar [[r.RefractionQuality:2]]
[2021.10.16-03.52.39:051][  0]LogConfig: Setting CVar [[r.SSR.Quality:3]]
[2021.10.16-03.52.39:051][  0]LogConfig: Setting CVar [[r.SSR.HalfResSceneColor:0]]
[2021.10.16-03.52.39:051][  0]LogConfig: Setting CVar [[r.SceneColorFormat:4]]
[2021.10.16-03.52.39:051][  0]LogConfig: Setting CVar [[r.DetailMode:2]]
[2021.10.16-03.52.39:051][  0]LogConfig: Setting CVar [[r.TranslucencyVolumeBlur:1]]
[2021.10.16-03.52.39:051][  0]LogConfig: Setting CVar [[r.MaterialQualityLevel:1 ; High quality]]
[2021.10.16-03.52.39:051][  0]LogConfig: Setting CVar [[r.AnisotropicMaterials:1]]
[2021.10.16-03.52.39:051][  0]LogConfig: Setting CVar [[r.SSS.Scale:1]]
[2021.10.16-03.52.39:051][  0]LogConfig: Setting CVar [[r.SSS.SampleSet:2]]
[2021.10.16-03.52.39:051][  0]LogConfig: Setting CVar [[r.SSS.Quality:1]]
[2021.10.16-03.52.39:051][  0]LogConfig: Setting CVar [[r.SSS.HalfRes:0]]
[2021.10.16-03.52.39:051][  0]LogConfig: Setting CVar [[r.SSGI.Quality:3]]
[2021.10.16-03.52.39:051][  0]LogConfig: Setting CVar [[r.EmitterSpawnRateScale:1.0]]
[2021.10.16-03.52.39:051][  0]LogConfig: Setting CVar [[r.ParticleLightQuality:2]]
[2021.10.16-03.52.39:051][  0]LogConfig: Setting CVar [[r.SkyAtmosphere.AerialPerspectiveLUT.FastApplyOnOpaque:1 ; Always have FastSkyLUT 1 in this case to avoid wrong sky]]
[2021.10.16-03.52.39:051][  0]LogConfig: Setting CVar [[r.SkyAtmosphere.AerialPerspectiveLUT.SampleCountMaxPerSlice:4]]
[2021.10.16-03.52.39:051][  0]LogConfig: Setting CVar [[r.SkyAtmosphere.AerialPerspectiveLUT.DepthResolution:16.0]]
[2021.10.16-03.52.39:051][  0]LogConfig: Setting CVar [[r.SkyAtmosphere.FastSkyLUT:1]]
[2021.10.16-03.52.39:051][  0]LogConfig: Setting CVar [[r.SkyAtmosphere.FastSkyLUT.SampleCountMin:4.0]]
[2021.10.16-03.52.39:051][  0]LogConfig: Setting CVar [[r.SkyAtmosphere.FastSkyLUT.SampleCountMax:128.0]]
[2021.10.16-03.52.39:051][  0]LogConfig: Setting CVar [[r.SkyAtmosphere.SampleCountMin:4.0]]
[2021.10.16-03.52.39:051][  0]LogConfig: Setting CVar [[r.SkyAtmosphere.SampleCountMax:128.0]]
[2021.10.16-03.52.39:051][  0]LogConfig: Setting CVar [[r.SkyAtmosphere.TransmittanceLUT.UseSmallFormat:0]]
[2021.10.16-03.52.39:052][  0]LogConfig: Setting CVar [[r.SkyAtmosphere.TransmittanceLUT.SampleCount:10.0]]
[2021.10.16-03.52.39:052][  0]LogConfig: Setting CVar [[r.SkyAtmosphere.MultiScatteringLUT.SampleCount:15.0]]
[2021.10.16-03.52.39:052][  0]LogConfig: Setting CVar [[r.SkyLight.RealTimeReflectionCapture:1]]
[2021.10.16-03.52.39:052][  0]LogConfig: Applying CVar settings from Section [FoliageQuality@3] File [C:/Users/eric1/Unreal Projects/cs498gd-fa21-mp2/CS498MP2Leveling_Up/Saved/Config/Windows/Scalability.ini]
[2021.10.16-03.52.39:052][  0]LogConfig: Setting CVar [[foliage.DensityScale:1.0]]
[2021.10.16-03.52.39:052][  0]LogConfig: Setting CVar [[grass.DensityScale:1.0]]
[2021.10.16-03.52.39:052][  0]LogConfig: Applying CVar settings from Section [ShadingQuality@3] File [C:/Users/eric1/Unreal Projects/cs498gd-fa21-mp2/CS498MP2Leveling_Up/Saved/Config/Windows/Scalability.ini]
[2021.10.16-03.52.39:052][  0]LogConfig: Setting CVar [[r.HairStrands.SkyLighting.IntegrationType:2]]
[2021.10.16-03.52.39:052][  0]LogConfig: Setting CVar [[r.HairStrands.SkyAO.SampleCount:4]]
[2021.10.16-03.52.39:052][  0]LogConfig: Setting CVar [[r.HairStrands.Visibility.MSAA.SamplePerPixel:4]]
[2021.10.16-03.52.39:052][  0]LogConfig: Applying CVar settings from Section [Startup] File [../../../Engine/Config/ConsoleVariables.ini]
[2021.10.16-03.52.39:052][  0]LogConfig: Setting CVar [[net.UseAdaptiveNetUpdateFrequency:0]]
[2021.10.16-03.52.39:052][  0]LogConfig: Setting CVar [[p.chaos.AllowCreatePhysxBodies:1]]
[2021.10.16-03.52.39:052][  0]LogConfig: Setting CVar [[fx.SkipVectorVMBackendOptimizations:1]]
[2021.10.16-03.52.39:052][  0]LogConfig: Applying CVar settings from Section [ConsoleVariables] File [C:/Users/eric1/Unreal Projects/cs498gd-fa21-mp2/CS498MP2Leveling_Up/Saved/Config/Windows/Engine.ini]
[2021.10.16-03.52.39:052][  0]LogConfig: Applying CVar settings from Section [ConsoleVariables] File [C:/Users/eric1/Unreal Projects/cs498gd-fa21-mp2/CS498MP2Leveling_Up/Saved/Config/Windows/Editor.ini]
[2021.10.16-03.52.39:052][  0]LogInit: Computer: DESKTOP-PKTN07K
[2021.10.16-03.52.39:052][  0]LogInit: User: eric1
[2021.10.16-03.52.39:052][  0]LogInit: CPU Page size=4096, Cores=8
[2021.10.16-03.52.39:052][  0]LogInit: High frequency timer resolution =10.000000 MHz
[2021.10.16-03.52.39:052][  0]LogMemory: Memory total: Physical=31.8GB (32GB approx)
[2021.10.16-03.52.39:052][  0]LogMemory: Platform Memory Stats for Windows
[2021.10.16-03.52.39:052][  0]LogMemory: Process Physical Memory: 143.49 MB used, 143.49 MB peak
[2021.10.16-03.52.39:052][  0]LogMemory: Process Virtual Memory: 126.84 MB used, 126.84 MB peak
[2021.10.16-03.52.39:052][  0]LogMemory: Physical Memory: 18918.27 MB used,  13671.79 MB free, 32590.06 MB total
[2021.10.16-03.52.39:052][  0]LogMemory: Virtual Memory: 134208560.00 MB used,  9167.34 MB free, 134217728.00 MB total
[2021.10.16-03.52.39:058][  0]LogWindows: WindowsPlatformFeatures enabled
[2021.10.16-03.52.39:099][  0]LogInit: Physics initialised using underlying interface: PhysX
[2021.10.16-03.52.39:100][  0]LogInit: Overriding language with editor language configuration option (en).
[2021.10.16-03.52.39:100][  0]LogInit: Overriding language with editor locale configuration option (en).
[2021.10.16-03.52.39:264][  0]LogInit: Setting process to per monitor DPI aware
[2021.10.16-03.52.39:274][  0]LogWindowsTextInputMethodSystem: Display: IME system deactivated.
[2021.10.16-03.52.39:286][  0]LogSlate: New Slate User Created.  User Index 0, Is Virtual User: 0
[2021.10.16-03.52.39:286][  0]LogSlate: Slate User Registered.  User Index 0, Is Virtual User: 0
[2021.10.16-03.52.39:389][  0]LogD3D11RHI: Loaded GFSDK_Aftermath_Lib.x64.dll
[2021.10.16-03.52.39:392][  0]LogHMD: Failed to initialize OpenVR with code 110
[2021.10.16-03.52.39:392][  0]LogD3D11RHI: D3D11 min allowed feature level: 11_0
[2021.10.16-03.52.39:392][  0]LogD3D11RHI: D3D11 max allowed feature level: 11_0
[2021.10.16-03.52.39:392][  0]LogD3D11RHI: D3D11 adapters:
[2021.10.16-03.52.39:521][  0]LogD3D11RHI:    0. 'NVIDIA GeForce RTX 2080' (Feature Level 11_0)
[2021.10.16-03.52.39:521][  0]LogD3D11RHI:       8010/0/16295 MB DedicatedVideo/DedicatedSystem/SharedSystem, Outputs:1, VendorId:0x10de
[2021.10.16-03.52.39:541][  0]LogD3D11RHI:    1. 'Intel(R) UHD Graphics 630' (Feature Level 11_0)
[2021.10.16-03.52.39:541][  0]LogD3D11RHI:       128/0/16295 MB DedicatedVideo/DedicatedSystem/SharedSystem, Outputs:0, VendorId:0x8086
[2021.10.16-03.52.39:543][  0]LogD3D11RHI:    2. 'Microsoft Basic Render Driver' (Feature Level 11_0)
[2021.10.16-03.52.39:543][  0]LogD3D11RHI:       0/0/16295 MB DedicatedVideo/DedicatedSystem/SharedSystem, Outputs:0, VendorId:0x1414
[2021.10.16-03.52.39:543][  0]LogD3D11RHI: Chosen D3D11 Adapter:
[2021.10.16-03.52.39:543][  0]LogD3D11RHI:     Description : NVIDIA GeForce RTX 2080
[2021.10.16-03.52.39:543][  0]LogD3D11RHI:     VendorId    : 10de
[2021.10.16-03.52.39:543][  0]LogD3D11RHI:     DeviceId    : 1e87
[2021.10.16-03.52.39:543][  0]LogD3D11RHI:     SubSysId    : 37291028
[2021.10.16-03.52.39:543][  0]LogD3D11RHI:     Revision    : 00a1
[2021.10.16-03.52.39:543][  0]LogD3D11RHI:     DedicatedVideoMemory : 8399093760 bytes
[2021.10.16-03.52.39:543][  0]LogD3D11RHI:     DedicatedSystemMemory : 0 bytes
[2021.10.16-03.52.39:543][  0]LogD3D11RHI:     SharedSystemMemory : 17086576640 bytes
[2021.10.16-03.52.39:543][  0]LogD3D11RHI:     AdapterLuid : 0 79594
[2021.10.16-03.52.39:553][  0]LogD3D11RHI: Creating new Direct3DDevice
[2021.10.16-03.52.39:553][  0]LogD3D11RHI:     GPU DeviceId: 0x1e87 (for the marketing name, search the web for "GPU Device Id")
[2021.10.16-03.52.39:554][  0]LogWindows: EnumDisplayDevices:
[2021.10.16-03.52.39:554][  0]LogWindows:    0. 'NVIDIA GeForce RTX 2080' (P:1 D:1)
[2021.10.16-03.52.39:554][  0]LogWindows:    1. 'NVIDIA GeForce RTX 2080' (P:0 D:0)
[2021.10.16-03.52.39:554][  0]LogWindows:    2. 'NVIDIA GeForce RTX 2080' (P:0 D:0)
[2021.10.16-03.52.39:554][  0]LogWindows:    3. 'NVIDIA GeForce RTX 2080' (P:0 D:0)
[2021.10.16-03.52.39:555][  0]LogWindows:    4. 'Intel(R) UHD Graphics 630' (P:0 D:0)
[2021.10.16-03.52.39:555][  0]LogWindows:    5. 'Intel(R) UHD Graphics 630' (P:0 D:0)
[2021.10.16-03.52.39:555][  0]LogWindows:    6. 'Intel(R) UHD Graphics 630' (P:0 D:0)
[2021.10.16-03.52.39:555][  0]LogWindows: DebugString: PrimaryIsNotTheChoosenAdapter PrimaryIsNotTheChoosenAdapter PrimaryIsNotTheChoosenAdapter FoundDriverCount:4 
[2021.10.16-03.52.39:555][  0]LogD3D11RHI:     Adapter Name: NVIDIA GeForce RTX 2080
[2021.10.16-03.52.39:555][  0]LogD3D11RHI:   Driver Version: 472.12 (internal:30.0.14.7212, unified:472.12)
[2021.10.16-03.52.39:555][  0]LogD3D11RHI:      Driver Date: 9-13-2021
[2021.10.16-03.52.39:555][  0]LogRHI: Texture pool is 5607 MB (70% of 8010 MB)
[2021.10.16-03.52.39:555][  0]LogD3D11RHI: Creating D3DDevice using adapter:
[2021.10.16-03.52.39:555][  0]LogD3D11RHI:     Description : NVIDIA GeForce RTX 2080
[2021.10.16-03.52.39:555][  0]LogD3D11RHI:     VendorId    : 10de
[2021.10.16-03.52.39:555][  0]LogD3D11RHI:     DeviceId    : 1e87
[2021.10.16-03.52.39:555][  0]LogD3D11RHI:     SubSysId    : 37291028
[2021.10.16-03.52.39:555][  0]LogD3D11RHI:     Revision    : 00a1
[2021.10.16-03.52.39:556][  0]LogD3D11RHI:     DedicatedVideoMemory : 8399093760 bytes
[2021.10.16-03.52.39:556][  0]LogD3D11RHI:     DedicatedSystemMemory : 0 bytes
[2021.10.16-03.52.39:556][  0]LogD3D11RHI:     SharedSystemMemory : 17086576640 bytes
[2021.10.16-03.52.39:556][  0]LogD3D11RHI:     AdapterLuid : 0 79594
[2021.10.16-03.52.39:638][  0]LogD3D11RHI: RHI has support for 64 bit atomics
[2021.10.16-03.52.39:638][  0]LogD3D11RHI: Async texture creation enabled
[2021.10.16-03.52.39:638][  0]LogD3D11RHI: Array index from any shader is supported
[2021.10.16-03.52.39:640][  0]LogD3D11RHI: HDR output is supported on display 0 (NvId: 0x80061086).
[2021.10.16-03.52.39:661][  0]LogD3D11RHI: GPU Timing Frequency: 1000.000000 (Debug: 2 1)
[2021.10.16-03.52.39:701][  0]LogRHI: GeForceNow SDK initialized: 1
[2021.10.16-03.52.40:005][  0]LogTargetPlatformManager: Display: Loaded TargetPlatform 'AllDesktop'
[2021.10.16-03.52.40:026][  0]LogTargetPlatformManager: Display: Loaded TargetPlatform 'Android'
[2021.10.16-03.52.40:026][  0]LogTargetPlatformManager: Display: Loaded TargetPlatform 'Android_ASTC'
[2021.10.16-03.52.40:026][  0]LogTargetPlatformManager: Display: Loaded TargetPlatform 'Android_DXT'
[2021.10.16-03.52.40:026][  0]LogTargetPlatformManager: Display: Loaded TargetPlatform 'Android_ETC2'
[2021.10.16-03.52.40:026][  0]LogTargetPlatformManager: Display: Loaded TargetPlatform 'AndroidClient'
[2021.10.16-03.52.40:026][  0]LogTargetPlatformManager: Display: Loaded TargetPlatform 'Android_ASTCClient'
[2021.10.16-03.52.40:026][  0]LogTargetPlatformManager: Display: Loaded TargetPlatform 'Android_DXTClient'
[2021.10.16-03.52.40:026][  0]LogTargetPlatformManager: Display: Loaded TargetPlatform 'Android_ETC2Client'
[2021.10.16-03.52.40:026][  0]LogTargetPlatformManager: Display: Loaded TargetPlatform 'Android_Multi'
[2021.10.16-03.52.40:026][  0]LogTargetPlatformManager: Display: Loaded TargetPlatform 'Android_MultiClient'
[2021.10.16-03.52.40:043][  0]LogTargetPlatformManager: Display: Loaded TargetPlatform 'IOSClient'
[2021.10.16-03.52.40:043][  0]LogTargetPlatformManager: Display: Loaded TargetPlatform 'IOS'
[2021.10.16-03.52.40:053][  0]LogTargetPlatformManager: Display: Loaded TargetPlatform 'Linux'
[2021.10.16-03.52.40:057][  0]LogTargetPlatformManager: Display: Loaded TargetPlatform 'LinuxNoEditor'
[2021.10.16-03.52.40:061][  0]LogTargetPlatformManager: Display: Loaded TargetPlatform 'LinuxClient'
[2021.10.16-03.52.40:066][  0]LogTargetPlatformManager: Display: Loaded TargetPlatform 'LinuxServer'
[2021.10.16-03.52.40:076][  0]LogTargetPlatformManager: Display: Loaded TargetPlatform 'LinuxAArch64NoEditor'
[2021.10.16-03.52.40:081][  0]LogTargetPlatformManager: Display: Loaded TargetPlatform 'LinuxAArch64Client'
[2021.10.16-03.52.40:085][  0]LogTargetPlatformManager: Display: Loaded TargetPlatform 'LinuxAArch64Server'
[2021.10.16-03.52.40:111][  0]LogTargetPlatformManager: Display: Loaded TargetPlatform 'Lumin'
[2021.10.16-03.52.40:111][  0]LogTargetPlatformManager: Display: Loaded TargetPlatform 'LuminClient'
[2021.10.16-03.52.40:120][  0]LogTargetPlatformManager: Display: Loaded TargetPlatform 'MacNoEditor'
[2021.10.16-03.52.40:124][  0]LogTargetPlatformManager: Display: Loaded TargetPlatform 'Mac'
[2021.10.16-03.52.40:128][  0]LogTargetPlatformManager: Display: Loaded TargetPlatform 'MacClient'
[2021.10.16-03.52.40:132][  0]LogTargetPlatformManager: Display: Loaded TargetPlatform 'MacServer'
[2021.10.16-03.52.40:143][  0]LogTargetPlatformManager: Display: Loaded TargetPlatform 'TVOSClient'
[2021.10.16-03.52.40:143][  0]LogTargetPlatformManager: Display: Loaded TargetPlatform 'TVOS'
[2021.10.16-03.52.40:152][  0]LogTargetPlatformManager: Display: Loaded TargetPlatform 'WindowsNoEditor'
[2021.10.16-03.52.40:156][  0]LogTargetPlatformManager: Display: Loaded TargetPlatform 'Windows'
[2021.10.16-03.52.40:161][  0]LogTargetPlatformManager: Display: Loaded TargetPlatform 'WindowsClient'
[2021.10.16-03.52.40:165][  0]LogTargetPlatformManager: Display: Loaded TargetPlatform 'WindowsServer'
[2021.10.16-03.52.40:165][  0]LogTargetPlatformManager: Display: Building Assets For Windows
[2021.10.16-03.52.40:172][  0]LogAudioDebug: Display: Lib vorbis DLL was dynamically loaded.
[2021.10.16-03.52.40:199][  0]LogTextureFormatOodle: Display: Oodle Texture 2.9.0 init RDO Off
[2021.10.16-03.52.40:229][  0]LogRendererCore: Ray tracing is disabled. Reason: r.RayTracing=0.
[2021.10.16-03.52.40:229][  0]LogShaderCompilers: Guid format shader working directory is -22 characters bigger than the processId version (C:/Users/eric1/Unreal Projects/cs498gd-fa21-mp2/CS498MP2Leveling_Up/Intermediate/Shaders/WorkingDirectory/36296/).
[2021.10.16-03.52.40:229][  0]LogShaderCompilers: Cleaned the shader compiler working directory 'C:/Users/eric1/AppData/Local/Temp/UnrealShaderWorkingDir/6422B22D40F270DD8F6643B83C0F6553/'.
[2021.10.16-03.52.40:229][  0]LogXGEController: Cannot use XGE Controller as Incredibuild is not installed on this machine.
[2021.10.16-03.52.40:230][  0]LogShaderCompilers: Cannot use XGE Shader Compiler as Incredibuild is not installed on this machine.
[2021.10.16-03.52.40:230][  0]LogShaderCompilers: Display: Using Local Shader Compiler.
[2021.10.16-03.52.40:889][  0]LogDerivedDataCache: Display: Max Cache Size: 512 MB
[2021.10.16-03.52.40:939][  0]LogDerivedDataCache: Loaded boot cache 0.05s 94MB C:/Users/eric1/AppData/Local/UnrealEngine/4.27/DerivedDataCache/Boot.ddc.
[2021.10.16-03.52.40:939][  0]LogDerivedDataCache: Display: Loaded Boot cache: C:/Users/eric1/AppData/Local/UnrealEngine/4.27/DerivedDataCache/Boot.ddc
[2021.10.16-03.52.40:939][  0]LogDerivedDataCache: FDerivedDataBackendGraph:  Pak pak cache file C:/Users/eric1/Unreal Projects/cs498gd-fa21-mp2/CS498MP2Leveling_Up/DerivedDataCache/DDC.ddp not found, will not use a pak cache.
[2021.10.16-03.52.40:939][  0]LogDerivedDataCache: Unable to find inner node Pak for hierarchical cache Hierarchy.
[2021.10.16-03.52.40:939][  0]LogDerivedDataCache: FDerivedDataBackendGraph:  CompressedPak pak cache file C:/Users/eric1/Unreal Projects/cs498gd-fa21-mp2/CS498MP2Leveling_Up/DerivedDataCache/Compressed.ddp not found, will not use a pak cache.
[2021.10.16-03.52.40:939][  0]LogDerivedDataCache: Unable to find inner node CompressedPak for hierarchical cache Hierarchy.
[2021.10.16-03.52.40:953][  0]LogDerivedDataCache: Display: Pak cache opened for reading ../../../Engine/DerivedDataCache/Compressed.ddp.
[2021.10.16-03.52.40:953][  0]LogDerivedDataCache: FDerivedDataBackendGraph:  EnterprisePak pak cache file ../../../Enterprise/DerivedDataCache/Compressed.ddp not found, will not use a pak cache.
[2021.10.16-03.52.40:953][  0]LogDerivedDataCache: Unable to find inner node EnterprisePak for hierarchical cache Hierarchy.
[2021.10.16-03.52.40:963][  0]LogDerivedDataCache: Speed tests for C:/Users/eric1/AppData/Local/UnrealEngine/Common/DerivedDataCache took 0.01 seconds
[2021.10.16-03.52.40:963][  0]LogDerivedDataCache: Display: Performance to C:/Users/eric1/AppData/Local/UnrealEngine/Common/DerivedDataCache: Latency=0.03ms. RandomReadSpeed=281.70MBs, RandomWriteSpeed=154.76MBs. Assigned SpeedClass 'Local'
[2021.10.16-03.52.40:963][  0]LogDerivedDataCache: Using Local data cache path C:/Users/eric1/AppData/Local/UnrealEngine/Common/DerivedDataCache: Writable
[2021.10.16-03.52.40:963][  0]LogDerivedDataCache: Shared data cache path not found in *engine.ini, will not use an Shared cache.
[2021.10.16-03.52.40:963][  0]LogDerivedDataCache: Unable to find inner node Shared for hierarchical cache Hierarchy.
[2021.10.16-03.52.41:004][  0]LogSlate: Using FreeType 2.10.0
[2021.10.16-03.52.41:004][  0]LogSlate: SlateFontServices - WITH_FREETYPE: 1, WITH_HARFBUZZ: 1
[2021.10.16-03.52.41:027][  0]LogAssetRegistry: FAssetRegistry took 0.0026 seconds to start up
[2021.10.16-03.52.41:220][  0]LogInit: Selected Device Profile: [Windows]
[2021.10.16-03.52.41:220][  0]LogInit: Active device profile: [0000021555BD8B00][0000021553232CC0 49] Windows
[2021.10.16-03.52.41:220][  0]LogInit: Profiles: [0000021555BD8B00][0000021553232CC0 49] Windows, [0000021555B92100][000002154A7EAE40 49] WindowsNoEditor, [0000021555BD9900][000002154A7EEFC0 49] WindowsServer, [0000021555B92E00][000002154A7F3140 49] WindowsClient, [0000021555BDBC00][000002155463F2C0 49] IOS, [0000021555B90F00][0000021554643440 49] iPadAir, [0000021555BDBE00][00000215546475C0 49] iPadAir2, [0000021555AF4E00][000002155464F880 49] IPadPro, [0000021555AF4F00][000002155464B8C0 49] iPadAir3, [0000021555B93B00][0000021554653A40 49] iPadAir4, [0000021555AF7800][000002154E6B3BC0 49] iPadMini2, [0000021555B92F00][000002154E6B61C0 49] iPadMini3, [0000021555AF7A00][000002154E6BA340 49] iPadMini4, [0000021555B93800][000002154E6CA4C0 49] iPadMini5, [0000021555B40600][000002154A488780 49] iPhone6, [0000021555B40700][000002154A4847C0 49] iPodTouch6, [0000021555BDA800][000002155322EA40 49] iPhone7, [0000021555BDA600][000002154A49AA80 49] iPodTouch7, [0000021555B40100][000002154A49EBC0 49] iPhone5S, [0000021555AF4700][0000021556DB8D00 49] iPhone6Plus, [0000021555B42500][0000021556DC0E80 49] iPhone6S, [0000021555AF5300][0000021556DC5000 49] iPhone6SPlus, [0000021555B43B00][00000215545EF180 49] iPhone7Plus, [0000021555AF7700][00000215545F3300 49] iPhoneSE, [0000021555BDAB00][000002155460B480 49] iPhone8, [0000021555AF4600][0000021554617600 49] iPhone8Plus, [0000021555BDA100][000002155461B780 49] iPhoneX, [0000021555AF6900][000002155461F900 49] iPhoneXS, [0000021555BDB700][0000021554623A80 49] iPhoneXSMax, [0000021555AF6F00][0000021554627C00 49] iPhoneXR, [0000021555BDBB00][000002155462E200 49] iPhone11, [0000021555AF5E00][0000021554632380 49] iPhone11Pro, [0000021555BD8700][000002155463A500 49] iPhone11ProMax, [0000021555AF6000][000002154A416680 49] iPhoneSE2, [0000021555BDBA00][000002154A41A800 49] iPhone12Mini, [0000021555AF6100][000002154E63A980 49] iPhone12, [0000021555BD8600][000002154E63EB00 49] iPhone12Pro, [0000021555AF7400][0000021556DBCC40 49] iPhone12ProMax, [0000021555BD8800][000002155462AD80 49] iPadPro105, [0000021555AF5900][0000021554636EC0 49] iPadPro129, [0000021555BDBF00][000002154E669040 49] iPadPro97, [0000021555AF7C00][000002154E66D1C0 49] iPadPro2_129, [0000021555BDB900][000002154E671340 49] iPad5, [0000021555AF4300][0000021556B254C0 49] iPad6, [0000021555BD9B00][0000021554657640 49] iPad7, [0000021555AF7600][00000215531EF7C0 49] iPad8, [0000021555BD9600][00000215531F3940 49] iPadPro11, [0000021555AF6D00][00000215531F7AC0 49] iPadPro2_11, [0000021555BD9A00][00000215531FA0C0 49] iPadPro3_129, [0000021555AF6E00][00000215531FE240 49] iPadPro4_129, [0000021555BD8500][00000215532023C0 49] AppleTV, [0000021555AF7000][0000021553206540 49] AppleTV4K, [0000021555BD9C00][000002155320A6C0 49] TVOS, [0000021555AF4800][000002155320E840 49] Mac, [0000021555BDA500][00000215532129C0 49] MacClient, [0000021555AF6C00][0000021553216B40 49] MacNoEditor, [0000021555BDB500][000002155321ACC0 49] MacServer, [0000021555AF4A00][000002154E664E00 49] Linux, [0000021555BD8400][0000021556B28F40 49] LinuxAArch64, [0000021555AF5A00][0000021556B2D080 49] LinuxNoEditor, [0000021555BD9D00][0000021556B311C0 49] LinuxAArch64NoEditor, [0000021555AF6700][0000021556B39340 49] LinuxClient, [0000021555BD9400][0000021556B3D4C0 49] LinuxAArch64Client, [0000021555AF6800][0000021556B41640 49] LinuxServer, [0000021555BDAF00][0000021556B457C0 49] LinuxAArch64Server, [0000021555AF5700][0000021556B49940 49] Android, [0000021555BDBD00][0000021556B4DAC0 49] Android_Low, [0000021555AF4B00][0000021556B500C0 49] Android_Mid, [0000021555BDA200][0000021556B54240 49] Android_High, [0000021555AF4C00][0000021556B583C0 49] Android_Default, [0000021555BD9300][0000021556B5C540 49] Android_Adreno4xx, [0000021555B92300][000002155725A700 49] Android_Adreno5xx_Low, [0000021555B41C00][000002155725E880 49] Android_Adreno5xx, [0000021555B92600][0000021557262A00 49] Android_Adreno6xx, [0000021555B42000][0000021557266B80 49] Android_Adreno6xx_Vulkan, [0000021555B90400][000002155726AD00 49] Android_Mali_T6xx, [0000021555B40F00][000002155726EE80 49] Android_Mali_T7xx, [0000021555B91C00][0000021556B34FC0 49] Android_Mali_T8xx, [0000021555B41F00][0000021557273100 49] Android_Mali_G71, [0000021555B92800][0000021557277240 49] Android_Mali_G72, [0000021555B43300][000002155727B380 49] Android_Mali_G72_Vulkan, [0000021555B93E00][0000021557283500 49] Android_Mali_G76, [0000021555B42200][0000021557287680 49] Android_Mali_G76_Vulkan, [0000021555B91E00][000002155728B800 49] Android_Mali_G77, [0000021555B40900][000002155728F980 49] Android_Mali_G77_Vulkan, [0000021555B93F00][0000021557293B00 49] Android_Mali_G78, [0000021555B41300][0000021557296100 49] Android_Mali_G78_Vulkan, [0000021555B93400][000002155729A280 49] Android_Mali_G710, [0000021555B43E00][000002154A41E400 49] Android_Mali_G710_Vulkan, [0000021555B90700][000002154A422580 49] Android_Vulkan_SM5, [0000021555B43F00][000002154A426700 49] Android_PowerVR_G6xxx, [0000021555B91F00][000002154A42A880 49] Android_PowerVR_GT7xxx, [0000021555B42B00][000002154A42EA00 49] Android_PowerVR_GE8xxx, [0000021555B93700][000002154A432B80 49] Android_PowerVR_GM9xxx, [0000021555B42800][000002154A436D00 49] Android_PowerVR_GM9xxx_Vulkan, [0000021555B91500][000002154A43AE80 49] Android_TegraK1, [0000021555B41700][000002154A43F000 49] Android_Unknown_Vulkan, [0000021555B92C00][000002155727F140 49] Lumin, [0000021555B43D00][000002154A443280 49] Lumin_Desktop, [0000021555B90E00][000002154A4473C0 49] HoloLens, 
[2021.10.16-03.52.41:328][  0]LogMeshReduction: Using QuadricMeshReduction for automatic static mesh reduction
[2021.10.16-03.52.41:328][  0]LogMeshReduction: Using SimplygonMeshReduction for automatic skeletal mesh reduction
[2021.10.16-03.52.41:328][  0]LogMeshReduction: Using ProxyLODMeshReduction for automatic mesh merging
[2021.10.16-03.52.41:328][  0]LogMeshReduction: No distributed automatic mesh merging module available
[2021.10.16-03.52.41:328][  0]LogMeshMerging: No distributed automatic mesh merging module available
[2021.10.16-03.52.41:341][  0]LogNetVersion: CS498MP2Leveling_Up 1.0.0, NetCL: 17155196, EngineNetVer: 17, GameNetVer: 0 (Checksum: 1167999361)
[2021.10.16-03.52.41:687][  0]LogTexture: Default maximum texture size for cubemaps generated from long-lat sources has been changed from 512 to unlimited. In order to preserve old behaiour for '/Engine/MapTemplates/Sky/DaylightAmbientCubemap.DaylightAmbientCubemap', its maximum texture size has been explicitly set to 512.
[2021.10.16-03.52.41:736][  0]LogHMD: PokeAHoleMaterial loaded successfully
[2021.10.16-03.52.41:740][  0]LogUObjectArray: 17178 objects as part of root set at end of initial load.
[2021.10.16-03.52.41:740][  0]LogUObjectAllocator: 4301856 out of 0 bytes used by permanent object pool.
[2021.10.16-03.52.41:740][  0]LogUObjectArray: CloseDisregardForGC: 0/0 objects in disregard for GC pool
[2021.10.16-03.52.41:878][  0]LogNiagaraDebuggerClient: Niagara Debugger Client Initialized | Session: 674BCC4E4CB17FA6A6ACF181DFCB10DC | Instance: CFD72FFB4C5FD679E75FF1AF2B81B786 (DESKTOP-PKTN07K-36296).
[2021.10.16-03.52.41:908][  0]LogImageWrapper: Warning: PNG Warning: Duplicate iCCP chunk
[2021.10.16-03.52.41:908][  0]LogImageWrapper: Warning: PNG Warning: Duplicate iCCP chunk
[2021.10.16-03.52.41:908][  0]LogPython: Using Python 3.7.7
[2021.10.16-03.52.42:540][  0]LogUdpMessaging: Initializing bridge on interface 0.0.0.0:0 to multicast group 230.0.0.1:6666.
[2021.10.16-03.52.42:546][  0]LogTcpMessaging: Initializing TcpMessaging bridge
[2021.10.16-03.52.42:665][  0]SourceControl: Source control is disabled
[2021.10.16-03.52.42:665][  0]SourceControl: Source control is disabled
[2021.10.16-03.52.42:669][  0]SourceControl: Source control is disabled
[2021.10.16-03.52.42:994][  0]SourceControl: Source control is disabled
[2021.10.16-03.52.43:000][  0]SourceControl: Source control is disabled
[2021.10.16-03.52.43:002][  0]LogUProjectInfo: Found projects:
[2021.10.16-03.52.43:006][  0]LogVSAccessor: Display: Unable to create Visual Studio setup instance: 80040154
[2021.10.16-03.52.43:007][  0]LogVSAccessor: Display: Unable to create Visual Studio setup instance: 80040154
[2021.10.16-03.52.43:008][  0]LogVSAccessor: Display: Unable to create Visual Studio setup instance: 80040154
[2021.10.16-03.52.43:135][  0]LogOpenImageDenoise: OIDN starting up
[2021.10.16-03.52.43:220][  0]LogAndroidPermission: UAndroidPermissionCallbackProxy::GetInstance
[2021.10.16-03.52.43:240][  0]LogAudioCaptureCore: Display: No Audio Capture implementations found. Audio input will be silent.
[2021.10.16-03.52.43:240][  0]LogAudioCaptureCore: Display: No Audio Capture implementations found. Audio input will be silent.
[2021.10.16-03.52.43:336][  0]LogCollectionManager: Loaded 0 collections in 0.001487 seconds
[2021.10.16-03.52.43:355][  0]LogFileCache: Scanning file cache for directory 'C:/Users/eric1/Unreal Projects/cs498gd-fa21-mp2/CS498MP2Leveling_Up/Saved/Collections/' took 0.00s
[2021.10.16-03.52.43:355][  0]LogFileCache: Scanning file cache for directory 'C:/Users/eric1/Unreal Projects/cs498gd-fa21-mp2/CS498MP2Leveling_Up/Content/Developers/eric1/Collections/' took 0.00s
[2021.10.16-03.52.43:355][  0]LogFileCache: Scanning file cache for directory 'C:/Users/eric1/Unreal Projects/cs498gd-fa21-mp2/CS498MP2Leveling_Up/Content/Collections/' took 0.00s
[2021.10.16-03.52.43:355][  0]LogOcInput: OculusInput pre-init called
[2021.10.16-03.52.43:601][  0]LogImageWrapper: Warning: PNG Warning: Duplicate iCCP chunk
[2021.10.16-03.52.43:601][  0]LogImageWrapper: Warning: PNG Warning: Duplicate iCCP chunk
[2021.10.16-03.52.43:601][  0]LogEngine: Initializing Engine...
[2021.10.16-03.52.43:603][  0]LogHMD: Failed to enumerate extensions. Please check that you have a valid OpenXR runtime installed.
[2021.10.16-03.52.43:603][  0]LogHMD: Failed to initialize OpenVR with code 110
[2021.10.16-03.52.43:603][  0]LogMagicLeap: Warning: VR disabled because ZI is not enabled.  To enable, in the editor, Edit -> Project Settings -> Plugins -> Magic Leap Plugin -> Enable Zero Iteration
[2021.10.16-03.52.43:604][  0]LogStats: UGameplayTagsManager::InitializeManager -  0.000 s
[2021.10.16-03.52.43:711][  0]LogInit: Initializing FReadOnlyCVARCache
[2021.10.16-03.52.43:717][  0]LogAIModule: Creating AISystem for world Untitled
[2021.10.16-03.52.43:721][  0]LogAudio: Display: Initializing Audio Device Manager...
[2021.10.16-03.52.43:724][  0]LogAudio: Display: Loading Default Audio Settings Objects...
[2021.10.16-03.52.43:724][  0]LogAudio: Display: No default SoundConcurrencyObject specified (or failed to load).
[2021.10.16-03.52.43:725][  0]LogAudio: Display: Audio Device Manager Initialized
[2021.10.16-03.52.43:725][  0]LogAudio: Display: Creating Audio Device:                 Id: 1, Scope: Shared, Realtime: True
[2021.10.16-03.52.43:725][  0]LogAudioMixer: Display: Audio Mixer Platform Settings:
[2021.10.16-03.52.43:725][  0]LogAudioMixer: Display: 	Sample Rate:						  48000
[2021.10.16-03.52.43:725][  0]LogAudioMixer: Display: 	Callback Buffer Frame Size Requested: 1024
[2021.10.16-03.52.43:725][  0]LogAudioMixer: Display: 	Callback Buffer Frame Size To Use:	  1024
[2021.10.16-03.52.43:725][  0]LogAudioMixer: Display: 	Number of buffers to queue:			  2
[2021.10.16-03.52.43:725][  0]LogAudioMixer: Display: 	Max Channels (voices):				  32
[2021.10.16-03.52.43:725][  0]LogAudioMixer: Display: 	Number of Async Source Workers:		  0
[2021.10.16-03.52.43:725][  0]LogAudio: Display: AudioDevice MaxSources: 32
[2021.10.16-03.52.43:725][  0]LogAudio: Display: Audio Spatialization Plugin: None (built-in).
[2021.10.16-03.52.43:725][  0]LogAudio: Display: Audio Reverb Plugin: None (built-in).
[2021.10.16-03.52.43:725][  0]LogAudio: Display: Audio Occlusion Plugin: None (built-in).
[2021.10.16-03.52.43:725][  0]LogAudioMixer: Display: Initializing audio mixer.
[2021.10.16-03.52.43:770][  0]LogAudioMixer: Display: 0: FrontLeft
[2021.10.16-03.52.43:770][  0]LogAudioMixer: Display: 1: FrontRight
[2021.10.16-03.52.43:770][  0]LogAudioMixer: Display: 2: FrontCenter
[2021.10.16-03.52.43:770][  0]LogAudioMixer: Display: 3: LowFrequency
[2021.10.16-03.52.43:770][  0]LogAudioMixer: Display: 4: BackLeft
[2021.10.16-03.52.43:770][  0]LogAudioMixer: Display: 5: BackRight
[2021.10.16-03.52.43:770][  0]LogAudioMixer: Display: 6: SideLeft
[2021.10.16-03.52.43:770][  0]LogAudioMixer: Display: 7: SideRight
[2021.10.16-03.52.43:828][  0]LogAudioMixer: Display: Using Audio Device 扬声器 (2- Logitech G935/G933s Gaming Headset)
[2021.10.16-03.52.43:831][  0]LogAudioMixer: Display: Initializing Sound Submixes...
[2021.10.16-03.52.43:832][  0]LogAudioMixer: Display: Creating Master Submix 'MasterSubmixDefault'
[2021.10.16-03.52.43:832][  0]LogAudioMixer: Display: Creating Master Submix 'MasterReverbSubmixDefault'
[2021.10.16-03.52.43:833][  0]LogAudioMixer: Display: Creating Master Submix 'MasterEQSubmixDefault'
[2021.10.16-03.52.43:833][  0]LogAudioMixer: FMixerPlatformXAudio2::StartAudioStream() called
[2021.10.16-03.52.43:833][  0]LogAudioMixer: Display: Output buffers initialized: Frames=1024, Channels=8, Samples=8192
[2021.10.16-03.52.43:834][  0]LogAudioMixer: Display: Starting AudioMixerPlatformInterface::RunInternal()
[2021.10.16-03.52.43:834][  0]LogAudioMixer: Display: FMixerPlatformXAudio2::SubmitBuffer() called for the first time
[2021.10.16-03.52.43:834][  0]LogInit: FAudioDevice initialized.
[2021.10.16-03.52.43:834][  0]LogAudio: Display: Audio Device (ID: 1) registered with world 'Untitled'.
[2021.10.16-03.52.43:834][  0]LogNetVersion: Set ProjectVersion to 1.0.0.0. Version Checksum will be recalculated on next use.
[2021.10.16-03.52.43:877][  0]LogDerivedDataCache: Saved boot cache 0.04s 94MB C:/Users/eric1/AppData/Local/UnrealEngine/4.27/DerivedDataCache/Boot.ddc.
[2021.10.16-03.52.43:877][  0]LogInit: Texture streaming: Enabled
[2021.10.16-03.52.43:888][  0]LogAnalytics: Display: [UEEditor.Rocket.Release] APIServer = https://datarouter.ol.epicgames.com/. AppVersion = 4.27.1-17735300+++UE4+Release-4.27
[2021.10.16-03.52.43:891][  0]LogEngineSessionManager: EngineSessionManager initialized
[2021.10.16-03.52.43:891][  0]LogEditorSessionSummary: Verbose: Initializing EditorSessionSummaryWriter for editor session tracking
[2021.10.16-03.52.43:893][  0]LogEditorSessionSummary: EditorSessionSummaryWriter initialized
[2021.10.16-03.52.43:917][  0]LogInit: Transaction tracking system initialized
[2021.10.16-03.52.43:934][  0]BlueprintLog: New page: Editor Load
[2021.10.16-03.52.43:985][  0]LocalizationService: Localization service is disabled
[2021.10.16-03.52.44:005][  0]TimingProfiler: Initialize
[2021.10.16-03.52.44:005][  0]TimingProfiler: OnSessionChanged
[2021.10.16-03.52.44:005][  0]LoadingProfiler: Initialize
[2021.10.16-03.52.44:006][  0]LoadingProfiler: OnSessionChanged
[2021.10.16-03.52.44:006][  0]NetworkingProfiler: Initialize
[2021.10.16-03.52.44:006][  0]NetworkingProfiler: OnSessionChanged
[2021.10.16-03.52.44:006][  0]MemoryProfiler: Initialize
[2021.10.16-03.52.44:006][  0]MemoryProfiler: OnSessionChanged
[2021.10.16-03.52.44:053][  0]LogVSAccessor: Display: Unable to create Visual Studio setup instance: 80040154
[2021.10.16-03.52.44:054][  0]LogVSAccessor: Display: Unable to create Visual Studio setup instance: 80040154
[2021.10.16-03.52.44:054][  0]LogVSAccessor: Display: Unable to create Visual Studio setup instance: 80040154
[2021.10.16-03.52.44:116][  0]LogCook: Display: CookSettings for Memory: MemoryMaxUsedVirtual 0MiB, MemoryMaxUsedPhysical 16384MiB, MemoryMinFreeVirtual 0MiB, MemoryMinFreePhysical 1024MiB
[2021.10.16-03.52.44:116][  0]LogCook: Display: Mobile HDR setting 1
[2021.10.16-03.52.44:266][  0]LogFileCache: Scanning file cache for directory 'C:/Users/eric1/Unreal Projects/cs498gd-fa21-mp2/CS498MP2Leveling_Up/Content/' took 0.00s
[2021.10.16-03.52.44:465][  0]LogImageWrapper: Warning: PNG Warning: Duplicate iCCP chunk
[2021.10.16-03.52.44:465][  0]LogImageWrapper: Warning: PNG Warning: Duplicate iCCP chunk
[2021.10.16-03.52.44:465][  0]LogInit: Display: Engine is initialized. Leaving FEngineLoop::Init()
[2021.10.16-03.52.44:468][  0]SourceControl: Source control is disabled
[2021.10.16-03.52.44:468][  0]LogUnrealEdMisc: Loading editor; pre map load, took 6.376
[2021.10.16-03.52.44:468][  0]Cmd: MAP LOAD FILE="C:/Users/eric1/Unreal Projects/cs498gd-fa21-mp2/CS498MP2Leveling_Up/Content/NewMap.umap" TEMPLATE=0 SHOWPROGRESS=1 FEATURELEVEL=3
[2021.10.16-03.52.44:468][  0]LightingResults: New page: Lighting Build
[2021.10.16-03.52.44:469][  0]LogWorld: UWorld::CleanupWorld for Untitled, bSessionEnded=true, bCleanupResources=true
[2021.10.16-03.52.44:469][  0]LogSlate: InvalidateAllWidgets triggered.  All widgets were invalidated
[2021.10.16-03.52.44:469][  0]MapCheck: New page: Map Check
[2021.10.16-03.52.44:469][  0]LightingResults: New page: Lighting Build
[2021.10.16-03.52.44:473][  0]LogAudio: Display: Audio Device unregistered from world 'None'.
[2021.10.16-03.52.44:475][  0]LogUObjectHash: Compacting FUObjectHashTables data took   0.68ms
[2021.10.16-03.52.44:599][  0]LogAudio: Display: Audio Device (ID: 1) registered with world 'NewMap'.
[2021.10.16-03.52.44:600][  0]LogAIModule: Creating AISystem for world NewMap
[2021.10.16-03.52.44:603][  0]LogEditorServer: Finished looking for orphan Actors (0.000 secs)
[2021.10.16-03.52.44:609][  0]LogUObjectHash: Compacting FUObjectHashTables data took   0.55ms
[2021.10.16-03.52.44:609][  0]Cmd: MAP CHECKDEP NOCLEARLOG
[2021.10.16-03.52.44:609][  0]MapCheck: Map check complete: 0 Error(s), 0 Warning(s), took 0.139ms to complete.
[2021.10.16-03.52.44:610][  0]LogFileHelpers: Loading map 'NewMap' took 0.141
[2021.10.16-03.52.44:611][  0]LogUnrealEdMisc: Total Editor Startup Time, took 6.518
[2021.10.16-03.52.44:722][  0]LogSlate: Updating window title bar state: overlay mode, drag disabled, window buttons hidden, title bar hidden
[2021.10.16-03.52.44:727][  0]LogSlate: Updating window title bar state: overlay mode, drag disabled, window buttons hidden, title bar hidden
[2021.10.16-03.52.44:732][  0]LogSlate: Updating window title bar state: overlay mode, drag disabled, window buttons hidden, title bar hidden
[2021.10.16-03.52.44:738][  0]LogSlate: Updating window title bar state: overlay mode, drag disabled, window buttons hidden, title bar hidden
[2021.10.16-03.52.44:749][  0]LogNativeClassHierarchy: Verbose: Native class hierarchy populated in 0.0081 seconds. Added 3824 classes and 931 folders.
[2021.10.16-03.52.44:751][  0]LogNativeClassHierarchy: Verbose: Native class hierarchy updated for 'WidgetCarousel' in 0.0002 seconds. Added 0 classes and 0 folders.
[2021.10.16-03.52.44:752][  0]LogPakFile: PakFile PrimaryIndexSize=187
[2021.10.16-03.52.44:752][  0]LogPakFile: PakFile PathHashIndexSize=101
[2021.10.16-03.52.44:752][  0]LogPakFile: PakFile FullDirectoryIndexSize=148
[2021.10.16-03.52.44:752][  0]LogShaderLibrary: Display: ShaderCodeLibraryPakFileMountedCallback: PakFile 'E:/Program Files/Epic Games/UE_4.27/FeaturePacks/FP_FirstPerson.upack' (chunk index -1, root 'root:/') mounted
[2021.10.16-03.52.44:752][  0]LogShaderLibrary: Display: ShaderCodeLibraryPakFileMountedCallback: pending pak file info (ChunkID:-1 Root:root:/ File:E:/Program Files/Epic Games/UE_4.27/FeaturePacks/FP_FirstPerson.upack)
[2021.10.16-03.52.44:752][  0]LogPakFile: OnPakFileMounted2Time == 0.000050
[2021.10.16-03.52.44:753][  0]LogPakFile: PakFile PrimaryIndexSize=189
[2021.10.16-03.52.44:753][  0]LogPakFile: PakFile PathHashIndexSize=101
[2021.10.16-03.52.44:753][  0]LogPakFile: PakFile FullDirectoryIndexSize=152
[2021.10.16-03.52.44:753][  0]LogShaderLibrary: Display: ShaderCodeLibraryPakFileMountedCallback: PakFile 'E:/Program Files/Epic Games/UE_4.27/FeaturePacks/FP_FirstPersonBP.upack' (chunk index -1, root 'root:/') mounted
[2021.10.16-03.52.44:753][  0]LogShaderLibrary: Display: ShaderCodeLibraryPakFileMountedCallback: pending pak file info (ChunkID:-1 Root:root:/ File:E:/Program Files/Epic Games/UE_4.27/FeaturePacks/FP_FirstPersonBP.upack)
[2021.10.16-03.52.44:753][  0]LogPakFile: OnPakFileMounted2Time == 0.000039
[2021.10.16-03.52.44:753][  0]LogPakFile: PakFile PrimaryIndexSize=191
[2021.10.16-03.52.44:753][  0]LogPakFile: PakFile PathHashIndexSize=101
[2021.10.16-03.52.44:753][  0]LogPakFile: PakFile FullDirectoryIndexSize=160
[2021.10.16-03.52.44:753][  0]LogShaderLibrary: Display: ShaderCodeLibraryPakFileMountedCallback: PakFile 'E:/Program Files/Epic Games/UE_4.27/FeaturePacks/MobileStarterContent.upack' (chunk index -1, root 'root:/') mounted
[2021.10.16-03.52.44:753][  0]LogShaderLibrary: Display: ShaderCodeLibraryPakFileMountedCallback: pending pak file info (ChunkID:-1 Root:root:/ File:E:/Program Files/Epic Games/UE_4.27/FeaturePacks/MobileStarterContent.upack)
[2021.10.16-03.52.44:753][  0]LogPakFile: OnPakFileMounted2Time == 0.000032
[2021.10.16-03.52.44:754][  0]LogPakFile: PakFile PrimaryIndexSize=185
[2021.10.16-03.52.44:754][  0]LogPakFile: PakFile PathHashIndexSize=101
[2021.10.16-03.52.44:754][  0]LogPakFile: PakFile FullDirectoryIndexSize=148
[2021.10.16-03.52.44:754][  0]LogShaderLibrary: Display: ShaderCodeLibraryPakFileMountedCallback: PakFile 'E:/Program Files/Epic Games/UE_4.27/FeaturePacks/StarterContent.upack' (chunk index -1, root 'root:/') mounted
[2021.10.16-03.52.44:754][  0]LogShaderLibrary: Display: ShaderCodeLibraryPakFileMountedCallback: pending pak file info (ChunkID:-1 Root:root:/ File:E:/Program Files/Epic Games/UE_4.27/FeaturePacks/StarterContent.upack)
[2021.10.16-03.52.44:754][  0]LogPakFile: OnPakFileMounted2Time == 0.000036
[2021.10.16-03.52.44:754][  0]LogPakFile: PakFile PrimaryIndexSize=190
[2021.10.16-03.52.44:754][  0]LogPakFile: PakFile PathHashIndexSize=101
[2021.10.16-03.52.44:754][  0]LogPakFile: PakFile FullDirectoryIndexSize=154
[2021.10.16-03.52.44:754][  0]LogShaderLibrary: Display: ShaderCodeLibraryPakFileMountedCallback: PakFile 'E:/Program Files/Epic Games/UE_4.27/FeaturePacks/TP_2DSideScroller.upack' (chunk index -1, root 'root:/') mounted
[2021.10.16-03.52.44:754][  0]LogShaderLibrary: Display: ShaderCodeLibraryPakFileMountedCallback: pending pak file info (ChunkID:-1 Root:root:/ File:E:/Program Files/Epic Games/UE_4.27/FeaturePacks/TP_2DSideScroller.upack)
[2021.10.16-03.52.44:754][  0]LogPakFile: OnPakFileMounted2Time == 0.000032
[2021.10.16-03.52.44:755][  0]LogPakFile: PakFile PrimaryIndexSize=192
[2021.10.16-03.52.44:755][  0]LogPakFile: PakFile PathHashIndexSize=101
[2021.10.16-03.52.44:755][  0]LogPakFile: PakFile FullDirectoryIndexSize=158
[2021.10.16-03.52.44:755][  0]LogShaderLibrary: Display: ShaderCodeLibraryPakFileMountedCallback: PakFile 'E:/Program Files/Epic Games/UE_4.27/FeaturePacks/TP_2DSideScrollerBP.upack' (chunk index -1, root 'root:/') mounted
[2021.10.16-03.52.44:755][  0]LogShaderLibrary: Display: ShaderCodeLibraryPakFileMountedCallback: pending pak file info (ChunkID:-1 Root:root:/ File:E:/Program Files/Epic Games/UE_4.27/FeaturePacks/TP_2DSideScrollerBP.upack)
[2021.10.16-03.52.44:755][  0]LogPakFile: OnPakFileMounted2Time == 0.000032
[2021.10.16-03.52.44:755][  0]LogPakFile: PakFile PrimaryIndexSize=182
[2021.10.16-03.52.44:755][  0]LogPakFile: PakFile PathHashIndexSize=101
[2021.10.16-03.52.44:755][  0]LogPakFile: PakFile FullDirectoryIndexSize=138
[2021.10.16-03.52.44:755][  0]LogShaderLibrary: Display: ShaderCodeLibraryPakFileMountedCallback: PakFile 'E:/Program Files/Epic Games/UE_4.27/FeaturePacks/TP_Flying.upack' (chunk index -1, root 'root:/') mounted
[2021.10.16-03.52.44:755][  0]LogShaderLibrary: Display: ShaderCodeLibraryPakFileMountedCallback: pending pak file info (ChunkID:-1 Root:root:/ File:E:/Program Files/Epic Games/UE_4.27/FeaturePacks/TP_Flying.upack)
[2021.10.16-03.52.44:755][  0]LogPakFile: OnPakFileMounted2Time == 0.000032
[2021.10.16-03.52.44:756][  0]LogPakFile: PakFile PrimaryIndexSize=184
[2021.10.16-03.52.44:756][  0]LogPakFile: PakFile PathHashIndexSize=101
[2021.10.16-03.52.44:756][  0]LogPakFile: PakFile FullDirectoryIndexSize=142
[2021.10.16-03.52.44:756][  0]LogShaderLibrary: Display: ShaderCodeLibraryPakFileMountedCallback: PakFile 'E:/Program Files/Epic Games/UE_4.27/FeaturePacks/TP_FlyingBP.upack' (chunk index -1, root 'root:/') mounted
[2021.10.16-03.52.44:756][  0]LogShaderLibrary: Display: ShaderCodeLibraryPakFileMountedCallback: pending pak file info (ChunkID:-1 Root:root:/ File:E:/Program Files/Epic Games/UE_4.27/FeaturePacks/TP_FlyingBP.upack)
[2021.10.16-03.52.44:756][  0]LogPakFile: OnPakFileMounted2Time == 0.000032
[2021.10.16-03.52.44:756][  0]LogPakFile: PakFile PrimaryIndexSize=188
[2021.10.16-03.52.44:756][  0]LogPakFile: PakFile PathHashIndexSize=101
[2021.10.16-03.52.44:756][  0]LogPakFile: PakFile FullDirectoryIndexSize=150
[2021.10.16-03.52.44:756][  0]LogShaderLibrary: Display: ShaderCodeLibraryPakFileMountedCallback: PakFile 'E:/Program Files/Epic Games/UE_4.27/FeaturePacks/TP_HandheldARBP.upack' (chunk index -1, root 'root:/') mounted
[2021.10.16-03.52.44:756][  0]LogShaderLibrary: Display: ShaderCodeLibraryPakFileMountedCallback: pending pak file info (ChunkID:-1 Root:root:/ File:E:/Program Files/Epic Games/UE_4.27/FeaturePacks/TP_HandheldARBP.upack)
[2021.10.16-03.52.44:756][  0]LogPakFile: OnPakFileMounted2Time == 0.000031
[2021.10.16-03.52.44:757][  0]LogPakFile: PakFile PrimaryIndexSize=182
[2021.10.16-03.52.44:757][  0]LogPakFile: PakFile PathHashIndexSize=101
[2021.10.16-03.52.44:757][  0]LogPakFile: PakFile FullDirectoryIndexSize=138
[2021.10.16-03.52.44:757][  0]LogShaderLibrary: Display: ShaderCodeLibraryPakFileMountedCallback: PakFile 'E:/Program Files/Epic Games/UE_4.27/FeaturePacks/TP_Puzzle.upack' (chunk index -1, root 'root:/') mounted
[2021.10.16-03.52.44:757][  0]LogShaderLibrary: Display: ShaderCodeLibraryPakFileMountedCallback: pending pak file info (ChunkID:-1 Root:root:/ File:E:/Program Files/Epic Games/UE_4.27/FeaturePacks/TP_Puzzle.upack)
[2021.10.16-03.52.44:757][  0]LogPakFile: OnPakFileMounted2Time == 0.000032
[2021.10.16-03.52.44:757][  0]LogPakFile: PakFile PrimaryIndexSize=184
[2021.10.16-03.52.44:757][  0]LogPakFile: PakFile PathHashIndexSize=101
[2021.10.16-03.52.44:757][  0]LogPakFile: PakFile FullDirectoryIndexSize=142
[2021.10.16-03.52.44:757][  0]LogShaderLibrary: Display: ShaderCodeLibraryPakFileMountedCallback: PakFile 'E:/Program Files/Epic Games/UE_4.27/FeaturePacks/TP_PuzzleBP.upack' (chunk index -1, root 'root:/') mounted
[2021.10.16-03.52.44:757][  0]LogShaderLibrary: Display: ShaderCodeLibraryPakFileMountedCallback: pending pak file info (ChunkID:-1 Root:root:/ File:E:/Program Files/Epic Games/UE_4.27/FeaturePacks/TP_PuzzleBP.upack)
[2021.10.16-03.52.44:757][  0]LogPakFile: OnPakFileMounted2Time == 0.000032
[2021.10.16-03.52.44:758][  0]LogPakFile: PakFile PrimaryIndexSize=183
[2021.10.16-03.52.44:758][  0]LogPakFile: PakFile PathHashIndexSize=101
[2021.10.16-03.52.44:758][  0]LogPakFile: PakFile FullDirectoryIndexSize=140
[2021.10.16-03.52.44:758][  0]LogShaderLibrary: Display: ShaderCodeLibraryPakFileMountedCallback: PakFile 'E:/Program Files/Epic Games/UE_4.27/FeaturePacks/TP_Rolling.upack' (chunk index -1, root 'root:/') mounted
[2021.10.16-03.52.44:758][  0]LogShaderLibrary: Display: ShaderCodeLibraryPakFileMountedCallback: pending pak file info (ChunkID:-1 Root:root:/ File:E:/Program Files/Epic Games/UE_4.27/FeaturePacks/TP_Rolling.upack)
[2021.10.16-03.52.44:758][  0]LogPakFile: OnPakFileMounted2Time == 0.000032
[2021.10.16-03.52.44:758][  0]LogPakFile: PakFile PrimaryIndexSize=185
[2021.10.16-03.52.44:758][  0]LogPakFile: PakFile PathHashIndexSize=101
[2021.10.16-03.52.44:758][  0]LogPakFile: PakFile FullDirectoryIndexSize=144
[2021.10.16-03.52.44:758][  0]LogShaderLibrary: Display: ShaderCodeLibraryPakFileMountedCallback: PakFile 'E:/Program Files/Epic Games/UE_4.27/FeaturePacks/TP_RollingBP.upack' (chunk index -1, root 'root:/') mounted
[2021.10.16-03.52.44:758][  0]LogShaderLibrary: Display: ShaderCodeLibraryPakFileMountedCallback: pending pak file info (ChunkID:-1 Root:root:/ File:E:/Program Files/Epic Games/UE_4.27/FeaturePacks/TP_RollingBP.upack)
[2021.10.16-03.52.44:758][  0]LogPakFile: OnPakFileMounted2Time == 0.000031
[2021.10.16-03.52.44:758][  0]LogPakFile: PakFile PrimaryIndexSize=188
[2021.10.16-03.52.44:758][  0]LogPakFile: PakFile PathHashIndexSize=101
[2021.10.16-03.52.44:759][  0]LogPakFile: PakFile FullDirectoryIndexSize=150
[2021.10.16-03.52.44:759][  0]LogShaderLibrary: Display: ShaderCodeLibraryPakFileMountedCallback: PakFile 'E:/Program Files/Epic Games/UE_4.27/FeaturePacks/TP_SideScroller.upack' (chunk index -1, root 'root:/') mounted
[2021.10.16-03.52.44:759][  0]LogShaderLibrary: Display: ShaderCodeLibraryPakFileMountedCallback: pending pak file info (ChunkID:-1 Root:root:/ File:E:/Program Files/Epic Games/UE_4.27/FeaturePacks/TP_SideScroller.upack)
[2021.10.16-03.52.44:759][  0]LogPakFile: OnPakFileMounted2Time == 0.000032
[2021.10.16-03.52.44:759][  0]LogPakFile: PakFile PrimaryIndexSize=190
[2021.10.16-03.52.44:759][  0]LogPakFile: PakFile PathHashIndexSize=101
[2021.10.16-03.52.44:759][  0]LogPakFile: PakFile FullDirectoryIndexSize=154
[2021.10.16-03.52.44:759][  0]LogShaderLibrary: Display: ShaderCodeLibraryPakFileMountedCallback: PakFile 'E:/Program Files/Epic Games/UE_4.27/FeaturePacks/TP_SideScrollerBP.upack' (chunk index -1, root 'root:/') mounted
[2021.10.16-03.52.44:759][  0]LogShaderLibrary: Display: ShaderCodeLibraryPakFileMountedCallback: pending pak file info (ChunkID:-1 Root:root:/ File:E:/Program Files/Epic Games/UE_4.27/FeaturePacks/TP_SideScrollerBP.upack)
[2021.10.16-03.52.44:759][  0]LogPakFile: OnPakFileMounted2Time == 0.000032
[2021.10.16-03.52.44:759][  0]LogPakFile: PakFile PrimaryIndexSize=187
[2021.10.16-03.52.44:759][  0]LogPakFile: PakFile PathHashIndexSize=101
[2021.10.16-03.52.44:759][  0]LogPakFile: PakFile FullDirectoryIndexSize=148
[2021.10.16-03.52.44:759][  0]LogShaderLibrary: Display: ShaderCodeLibraryPakFileMountedCallback: PakFile 'E:/Program Files/Epic Games/UE_4.27/FeaturePacks/TP_ThirdPerson.upack' (chunk index -1, root 'root:/') mounted
[2021.10.16-03.52.44:759][  0]LogShaderLibrary: Display: ShaderCodeLibraryPakFileMountedCallback: pending pak file info (ChunkID:-1 Root:root:/ File:E:/Program Files/Epic Games/UE_4.27/FeaturePacks/TP_ThirdPerson.upack)
[2021.10.16-03.52.44:759][  0]LogPakFile: OnPakFileMounted2Time == 0.000031
[2021.10.16-03.52.44:760][  0]LogPakFile: PakFile PrimaryIndexSize=189
[2021.10.16-03.52.44:760][  0]LogPakFile: PakFile PathHashIndexSize=101
[2021.10.16-03.52.44:760][  0]LogPakFile: PakFile FullDirectoryIndexSize=152
[2021.10.16-03.52.44:760][  0]LogShaderLibrary: Display: ShaderCodeLibraryPakFileMountedCallback: PakFile 'E:/Program Files/Epic Games/UE_4.27/FeaturePacks/TP_ThirdPersonBP.upack' (chunk index -1, root 'root:/') mounted
[2021.10.16-03.52.44:760][  0]LogShaderLibrary: Display: ShaderCodeLibraryPakFileMountedCallback: pending pak file info (ChunkID:-1 Root:root:/ File:E:/Program Files/Epic Games/UE_4.27/FeaturePacks/TP_ThirdPersonBP.upack)
[2021.10.16-03.52.44:760][  0]LogPakFile: OnPakFileMounted2Time == 0.000031
[2021.10.16-03.52.44:760][  0]LogPakFile: PakFile PrimaryIndexSize=183
[2021.10.16-03.52.44:760][  0]LogPakFile: PakFile PathHashIndexSize=101
[2021.10.16-03.52.44:760][  0]LogPakFile: PakFile FullDirectoryIndexSize=140
[2021.10.16-03.52.44:760][  0]LogShaderLibrary: Display: ShaderCodeLibraryPakFileMountedCallback: PakFile 'E:/Program Files/Epic Games/UE_4.27/FeaturePacks/TP_TopDown.upack' (chunk index -1, root 'root:/') mounted
[2021.10.16-03.52.44:760][  0]LogShaderLibrary: Display: ShaderCodeLibraryPakFileMountedCallback: pending pak file info (ChunkID:-1 Root:root:/ File:E:/Program Files/Epic Games/UE_4.27/FeaturePacks/TP_TopDown.upack)
[2021.10.16-03.52.44:760][  0]LogPakFile: OnPakFileMounted2Time == 0.000037
[2021.10.16-03.52.44:761][  0]LogPakFile: PakFile PrimaryIndexSize=185
[2021.10.16-03.52.44:761][  0]LogPakFile: PakFile PathHashIndexSize=101
[2021.10.16-03.52.44:761][  0]LogPakFile: PakFile FullDirectoryIndexSize=144
[2021.10.16-03.52.44:761][  0]LogShaderLibrary: Display: ShaderCodeLibraryPakFileMountedCallback: PakFile 'E:/Program Files/Epic Games/UE_4.27/FeaturePacks/TP_TopDownBP.upack' (chunk index -1, root 'root:/') mounted
[2021.10.16-03.52.44:761][  0]LogShaderLibrary: Display: ShaderCodeLibraryPakFileMountedCallback: pending pak file info (ChunkID:-1 Root:root:/ File:E:/Program Files/Epic Games/UE_4.27/FeaturePacks/TP_TopDownBP.upack)
[2021.10.16-03.52.44:761][  0]LogPakFile: OnPakFileMounted2Time == 0.000031
[2021.10.16-03.52.44:761][  0]LogPakFile: PakFile PrimaryIndexSize=185
[2021.10.16-03.52.44:761][  0]LogPakFile: PakFile PathHashIndexSize=101
[2021.10.16-03.52.44:761][  0]LogPakFile: PakFile FullDirectoryIndexSize=144
[2021.10.16-03.52.44:761][  0]LogShaderLibrary: Display: ShaderCodeLibraryPakFileMountedCallback: PakFile 'E:/Program Files/Epic Games/UE_4.27/FeaturePacks/TP_TwinStick.upack' (chunk index -1, root 'root:/') mounted
[2021.10.16-03.52.44:761][  0]LogShaderLibrary: Display: ShaderCodeLibraryPakFileMountedCallback: pending pak file info (ChunkID:-1 Root:root:/ File:E:/Program Files/Epic Games/UE_4.27/FeaturePacks/TP_TwinStick.upack)
[2021.10.16-03.52.44:761][  0]LogPakFile: OnPakFileMounted2Time == 0.000037
[2021.10.16-03.52.44:762][  0]LogPakFile: PakFile PrimaryIndexSize=187
[2021.10.16-03.52.44:762][  0]LogPakFile: PakFile PathHashIndexSize=101
[2021.10.16-03.52.44:762][  0]LogPakFile: PakFile FullDirectoryIndexSize=148
[2021.10.16-03.52.44:762][  0]LogShaderLibrary: Display: ShaderCodeLibraryPakFileMountedCallback: PakFile 'E:/Program Files/Epic Games/UE_4.27/FeaturePacks/TP_TwinStickBP.upack' (chunk index -1, root 'root:/') mounted
[2021.10.16-03.52.44:762][  0]LogShaderLibrary: Display: ShaderCodeLibraryPakFileMountedCallback: pending pak file info (ChunkID:-1 Root:root:/ File:E:/Program Files/Epic Games/UE_4.27/FeaturePacks/TP_TwinStickBP.upack)
[2021.10.16-03.52.44:762][  0]LogPakFile: OnPakFileMounted2Time == 0.000031
[2021.10.16-03.52.44:762][  0]LogPakFile: PakFile PrimaryIndexSize=183
[2021.10.16-03.52.44:762][  0]LogPakFile: PakFile PathHashIndexSize=101
[2021.10.16-03.52.44:762][  0]LogPakFile: PakFile FullDirectoryIndexSize=140
[2021.10.16-03.52.44:762][  0]LogShaderLibrary: Display: ShaderCodeLibraryPakFileMountedCallback: PakFile 'E:/Program Files/Epic Games/UE_4.27/FeaturePacks/TP_Vehicle.upack' (chunk index -1, root 'root:/') mounted
[2021.10.16-03.52.44:762][  0]LogShaderLibrary: Display: ShaderCodeLibraryPakFileMountedCallback: pending pak file info (ChunkID:-1 Root:root:/ File:E:/Program Files/Epic Games/UE_4.27/FeaturePacks/TP_Vehicle.upack)
[2021.10.16-03.52.44:762][  0]LogPakFile: OnPakFileMounted2Time == 0.000031
[2021.10.16-03.52.44:763][  0]LogPakFile: PakFile PrimaryIndexSize=186
[2021.10.16-03.52.44:763][  0]LogPakFile: PakFile PathHashIndexSize=101
[2021.10.16-03.52.44:763][  0]LogPakFile: PakFile FullDirectoryIndexSize=146
[2021.10.16-03.52.44:763][  0]LogShaderLibrary: Display: ShaderCodeLibraryPakFileMountedCallback: PakFile 'E:/Program Files/Epic Games/UE_4.27/FeaturePacks/TP_VehicleAdv.upack' (chunk index -1, root 'root:/') mounted
[2021.10.16-03.52.44:763][  0]LogShaderLibrary: Display: ShaderCodeLibraryPakFileMountedCallback: pending pak file info (ChunkID:-1 Root:root:/ File:E:/Program Files/Epic Games/UE_4.27/FeaturePacks/TP_VehicleAdv.upack)
[2021.10.16-03.52.44:763][  0]LogPakFile: OnPakFileMounted2Time == 0.000032
[2021.10.16-03.52.44:763][  0]LogPakFile: PakFile PrimaryIndexSize=188
[2021.10.16-03.52.44:763][  0]LogPakFile: PakFile PathHashIndexSize=101
[2021.10.16-03.52.44:763][  0]LogPakFile: PakFile FullDirectoryIndexSize=150
[2021.10.16-03.52.44:763][  0]LogShaderLibrary: Display: ShaderCodeLibraryPakFileMountedCallback: PakFile 'E:/Program Files/Epic Games/UE_4.27/FeaturePacks/TP_VehicleAdvBP.upack' (chunk index -1, root 'root:/') mounted
[2021.10.16-03.52.44:763][  0]LogShaderLibrary: Display: ShaderCodeLibraryPakFileMountedCallback: pending pak file info (ChunkID:-1 Root:root:/ File:E:/Program Files/Epic Games/UE_4.27/FeaturePacks/TP_VehicleAdvBP.upack)
[2021.10.16-03.52.44:763][  0]LogPakFile: OnPakFileMounted2Time == 0.000036
[2021.10.16-03.52.44:764][  0]LogPakFile: PakFile PrimaryIndexSize=185
[2021.10.16-03.52.44:764][  0]LogPakFile: PakFile PathHashIndexSize=101
[2021.10.16-03.52.44:764][  0]LogPakFile: PakFile FullDirectoryIndexSize=144
[2021.10.16-03.52.44:764][  0]LogShaderLibrary: Display: ShaderCodeLibraryPakFileMountedCallback: PakFile 'E:/Program Files/Epic Games/UE_4.27/FeaturePacks/TP_VehicleBP.upack' (chunk index -1, root 'root:/') mounted
[2021.10.16-03.52.44:764][  0]LogShaderLibrary: Display: ShaderCodeLibraryPakFileMountedCallback: pending pak file info (ChunkID:-1 Root:root:/ File:E:/Program Files/Epic Games/UE_4.27/FeaturePacks/TP_VehicleBP.upack)
[2021.10.16-03.52.44:764][  0]LogPakFile: OnPakFileMounted2Time == 0.000032
[2021.10.16-03.52.44:764][  0]LogPakFile: PakFile PrimaryIndexSize=192
[2021.10.16-03.52.44:764][  0]LogPakFile: PakFile PathHashIndexSize=101
[2021.10.16-03.52.44:764][  0]LogPakFile: PakFile FullDirectoryIndexSize=158
[2021.10.16-03.52.44:764][  0]LogShaderLibrary: Display: ShaderCodeLibraryPakFileMountedCallback: PakFile 'E:/Program Files/Epic Games/UE_4.27/FeaturePacks/TP_VirtualRealityBP.upack' (chunk index -1, root 'root:/') mounted
[2021.10.16-03.52.44:764][  0]LogShaderLibrary: Display: ShaderCodeLibraryPakFileMountedCallback: pending pak file info (ChunkID:-1 Root:root:/ File:E:/Program Files/Epic Games/UE_4.27/FeaturePacks/TP_VirtualRealityBP.upack)
[2021.10.16-03.52.44:764][  0]LogPakFile: OnPakFileMounted2Time == 0.000031
[2021.10.16-03.52.44:793][  0]LogNativeClassHierarchy: Verbose: Native class hierarchy updated for 'AddContentDialog' in 0.0002 seconds. Added 0 classes and 0 folders.
[2021.10.16-03.52.44:794][  0]LogNativeClassHierarchy: Verbose: Native class hierarchy updated for 'SceneOutliner' in 0.0002 seconds. Added 2 classes and 0 folders.
[2021.10.16-03.52.44:821][  0]LogNativeClassHierarchy: Verbose: Native class hierarchy updated for 'HierarchicalLODOutliner' in 0.0002 seconds. Added 0 classes and 0 folders.
[2021.10.16-03.52.44:821][  0]LogLoad: (Engine Initialization) Total time: 6.73 seconds
[2021.10.16-03.52.44:821][  0]LogLoad: (Engine Initialization) Total Blueprint compile time: 0.00 seconds
[2021.10.16-03.52.44:864][  0]LogAssetRegistry: Asset discovery search completed in 3.8378 seconds
[2021.10.16-03.52.44:868][  0]LogCollectionManager: Fixed up redirectors for 0 collections in 0.000004 seconds (updated 0 objects)
[2021.10.16-03.52.44:870][  0]LogContentStreaming: Texture pool size now 1000 MB
[2021.10.16-03.52.44:876][  0]LogSlate: Took 0.000162 seconds to synchronously load lazily loaded font '../../../Engine/Content/Slate/Fonts/Roboto-Regular.ttf' (155K)
[2021.10.16-03.52.44:877][  0]LogSlate: Took 0.000120 seconds to synchronously load lazily loaded font '../../../Engine/Content/Editor/Slate/Fonts/FontAwesome.ttf' (139K)
[2021.10.16-03.52.44:877][  0]LogSlate: Took 0.000093 seconds to synchronously load lazily loaded font '../../../Engine/Content/Slate/Fonts/Roboto-Bold.ttf' (160K)
[2021.10.16-03.52.45:179][  2]LogRenderer: Reallocating scene render targets to support 760x516 Format 10 NumSamples 1 (Frame:1).
